[D: 2018-06-05 20:00:28,858] [P: INFO ] [C: ] [T: http-nio-8080-exec-1] [L: org.springframework.web.servlet.DispatcherServlet] - [M: FrameworkServlet 'dispatcherServlet': initialization started]
[D: 2018-06-05 20:00:28,936] [P: INFO ] [C: ] [T: http-nio-8080-exec-1] [L: org.springframework.web.servlet.DispatcherServlet] - [M: FrameworkServlet 'dispatcherServlet': initialization completed in 78 ms]
[D: 2018-06-05 20:00:46,534] [P: INFO ] [C: ] [T: http-nio-8080-exec-4] [L: org.dozer.DozerBeanMapper] - [M: Using the following xml files to load custom mappings for the bean mapper instance: [config/app/common/dozer-mapping.xml]]
[D: 2018-06-05 20:00:46,535] [P: INFO ] [C: ] [T: http-nio-8080-exec-4] [L: org.dozer.DozerBeanMapper] - [M: Trying to find xml mapping file: config/app/common/dozer-mapping.xml]
[D: 2018-06-05 20:00:46,542] [P: INFO ] [C: ] [T: http-nio-8080-exec-4] [L: org.dozer.DozerBeanMapper] - [M: Using URL [jar:file:/D:/Devcon_release/2.4.0/Devon-dist_2.4.0/software/tomcat/webapps/oasp4j-sample-server/WEB-INF/lib/oasp4j-sample-core-dev-SNAPSHOT.jar!/config/app/common/dozer-mapping.xml] to load custom xml mappings]
[D: 2018-06-05 20:00:46,614] [P: INFO ] [C: ] [T: http-nio-8080-exec-4] [L: org.dozer.DozerBeanMapper] - [M: Successfully loaded custom xml mappings from URL: [jar:file:/D:/Devcon_release/2.4.0/Devon-dist_2.4.0/software/tomcat/webapps/oasp4j-sample-server/WEB-INF/lib/oasp4j-sample-core-dev-SNAPSHOT.jar!/config/app/common/dozer-mapping.xml]]
[D: 2018-06-05 20:00:46,673] [P: DEBUG] [C: ] [T: http-nio-8080-exec-4] [L: org.apache.commons.beanutils.converters.BooleanConverter] - [M: Setting default value: false]
[D: 2018-06-05 20:00:46,674] [P: DEBUG] [C: ] [T: http-nio-8080-exec-4] [L: org.apache.commons.beanutils.converters.BooleanConverter] - [M: Converting 'Boolean' value 'false' to type 'Boolean']
[D: 2018-06-05 20:00:46,677] [P: DEBUG] [C: ] [T: http-nio-8080-exec-4] [L: org.apache.commons.beanutils.converters.BooleanConverter] - [M:     No conversion required, value is already a Boolean]
[D: 2018-06-05 20:00:46,690] [P: DEBUG] [C: ] [T: http-nio-8080-exec-4] [L: org.apache.commons.beanutils.converters.ByteConverter] - [M: Setting default value: 0]
[D: 2018-06-05 20:00:46,690] [P: DEBUG] [C: ] [T: http-nio-8080-exec-4] [L: org.apache.commons.beanutils.converters.ByteConverter] - [M: Converting 'Integer' value '0' to type 'Byte']
[D: 2018-06-05 20:00:46,692] [P: DEBUG] [C: ] [T: http-nio-8080-exec-4] [L: org.apache.commons.beanutils.converters.ByteConverter] - [M:     Converted to Byte value '0']
[D: 2018-06-05 20:00:46,698] [P: DEBUG] [C: ] [T: http-nio-8080-exec-4] [L: org.apache.commons.beanutils.converters.CharacterConverter] - [M: Setting default value:  ]
[D: 2018-06-05 20:00:46,698] [P: DEBUG] [C: ] [T: http-nio-8080-exec-4] [L: org.apache.commons.beanutils.converters.CharacterConverter] - [M: Converting 'Character' value ' ' to type 'Character']
[D: 2018-06-05 20:00:46,703] [P: DEBUG] [C: ] [T: http-nio-8080-exec-4] [L: org.apache.commons.beanutils.converters.CharacterConverter] - [M:     No conversion required, value is already a Character]
[D: 2018-06-05 20:00:46,706] [P: DEBUG] [C: ] [T: http-nio-8080-exec-4] [L: org.apache.commons.beanutils.converters.DoubleConverter] - [M: Setting default value: 0]
[D: 2018-06-05 20:00:46,706] [P: DEBUG] [C: ] [T: http-nio-8080-exec-4] [L: org.apache.commons.beanutils.converters.DoubleConverter] - [M: Converting 'Integer' value '0' to type 'Double']
[D: 2018-06-05 20:00:46,711] [P: DEBUG] [C: ] [T: http-nio-8080-exec-4] [L: org.apache.commons.beanutils.converters.DoubleConverter] - [M:     Converted to Double value '0.0']
[D: 2018-06-05 20:00:46,717] [P: DEBUG] [C: ] [T: http-nio-8080-exec-4] [L: org.apache.commons.beanutils.converters.FloatConverter] - [M: Setting default value: 0]
[D: 2018-06-05 20:00:46,718] [P: DEBUG] [C: ] [T: http-nio-8080-exec-4] [L: org.apache.commons.beanutils.converters.FloatConverter] - [M: Converting 'Integer' value '0' to type 'Float']
[D: 2018-06-05 20:00:46,726] [P: DEBUG] [C: ] [T: http-nio-8080-exec-4] [L: org.apache.commons.beanutils.converters.FloatConverter] - [M:     Converted to Float value '0.0']
[D: 2018-06-05 20:00:46,730] [P: DEBUG] [C: ] [T: http-nio-8080-exec-4] [L: org.apache.commons.beanutils.converters.IntegerConverter] - [M: Setting default value: 0]
[D: 2018-06-05 20:00:46,731] [P: DEBUG] [C: ] [T: http-nio-8080-exec-4] [L: org.apache.commons.beanutils.converters.IntegerConverter] - [M: Converting 'Integer' value '0' to type 'Integer']
[D: 2018-06-05 20:00:46,733] [P: DEBUG] [C: ] [T: http-nio-8080-exec-4] [L: org.apache.commons.beanutils.converters.IntegerConverter] - [M:     No conversion required, value is already a Integer]
[D: 2018-06-05 20:00:46,744] [P: DEBUG] [C: ] [T: http-nio-8080-exec-4] [L: org.apache.commons.beanutils.converters.LongConverter] - [M: Setting default value: 0]
[D: 2018-06-05 20:00:46,748] [P: DEBUG] [C: ] [T: http-nio-8080-exec-4] [L: org.apache.commons.beanutils.converters.LongConverter] - [M: Converting 'Integer' value '0' to type 'Long']
[D: 2018-06-05 20:00:46,749] [P: DEBUG] [C: ] [T: http-nio-8080-exec-4] [L: org.apache.commons.beanutils.converters.LongConverter] - [M:     Converted to Long value '0']
[D: 2018-06-05 20:00:46,755] [P: DEBUG] [C: ] [T: http-nio-8080-exec-4] [L: org.apache.commons.beanutils.converters.ShortConverter] - [M: Setting default value: 0]
[D: 2018-06-05 20:00:46,755] [P: DEBUG] [C: ] [T: http-nio-8080-exec-4] [L: org.apache.commons.beanutils.converters.ShortConverter] - [M: Converting 'Integer' value '0' to type 'Short']
[D: 2018-06-05 20:00:46,758] [P: DEBUG] [C: ] [T: http-nio-8080-exec-4] [L: org.apache.commons.beanutils.converters.ShortConverter] - [M:     Converted to Short value '0']
[D: 2018-06-05 20:00:46,765] [P: DEBUG] [C: ] [T: http-nio-8080-exec-4] [L: org.apache.commons.beanutils.converters.BigDecimalConverter] - [M: Setting default value: 0.0]
[D: 2018-06-05 20:00:46,765] [P: DEBUG] [C: ] [T: http-nio-8080-exec-4] [L: org.apache.commons.beanutils.converters.BigDecimalConverter] - [M: Converting 'BigDecimal' value '0.0' to type 'BigDecimal']
[D: 2018-06-05 20:00:46,766] [P: DEBUG] [C: ] [T: http-nio-8080-exec-4] [L: org.apache.commons.beanutils.converters.BigDecimalConverter] - [M:     No conversion required, value is already a BigDecimal]
[D: 2018-06-05 20:00:46,772] [P: DEBUG] [C: ] [T: http-nio-8080-exec-4] [L: org.apache.commons.beanutils.converters.BigIntegerConverter] - [M: Setting default value: 0]
[D: 2018-06-05 20:00:46,772] [P: DEBUG] [C: ] [T: http-nio-8080-exec-4] [L: org.apache.commons.beanutils.converters.BigIntegerConverter] - [M: Converting 'BigInteger' value '0' to type 'BigInteger']
[D: 2018-06-05 20:00:46,773] [P: DEBUG] [C: ] [T: http-nio-8080-exec-4] [L: org.apache.commons.beanutils.converters.BigIntegerConverter] - [M:     No conversion required, value is already a BigInteger]
[D: 2018-06-05 20:00:46,773] [P: DEBUG] [C: ] [T: http-nio-8080-exec-4] [L: org.apache.commons.beanutils.converters.BooleanConverter] - [M: Setting default value: false]
[D: 2018-06-05 20:00:46,774] [P: DEBUG] [C: ] [T: http-nio-8080-exec-4] [L: org.apache.commons.beanutils.converters.BooleanConverter] - [M: Converting 'Boolean' value 'false' to type 'Boolean']
[D: 2018-06-05 20:00:46,774] [P: DEBUG] [C: ] [T: http-nio-8080-exec-4] [L: org.apache.commons.beanutils.converters.BooleanConverter] - [M:     No conversion required, value is already a Boolean]
[D: 2018-06-05 20:00:46,775] [P: DEBUG] [C: ] [T: http-nio-8080-exec-4] [L: org.apache.commons.beanutils.converters.ByteConverter] - [M: Setting default value: 0]
[D: 2018-06-05 20:00:46,775] [P: DEBUG] [C: ] [T: http-nio-8080-exec-4] [L: org.apache.commons.beanutils.converters.ByteConverter] - [M: Converting 'Integer' value '0' to type 'Byte']
[D: 2018-06-05 20:00:46,776] [P: DEBUG] [C: ] [T: http-nio-8080-exec-4] [L: org.apache.commons.beanutils.converters.ByteConverter] - [M:     Converted to Byte value '0']
[D: 2018-06-05 20:00:46,776] [P: DEBUG] [C: ] [T: http-nio-8080-exec-4] [L: org.apache.commons.beanutils.converters.CharacterConverter] - [M: Setting default value:  ]
[D: 2018-06-05 20:00:46,782] [P: DEBUG] [C: ] [T: http-nio-8080-exec-4] [L: org.apache.commons.beanutils.converters.CharacterConverter] - [M: Converting 'Character' value ' ' to type 'Character']
[D: 2018-06-05 20:00:46,784] [P: DEBUG] [C: ] [T: http-nio-8080-exec-4] [L: org.apache.commons.beanutils.converters.CharacterConverter] - [M:     No conversion required, value is already a Character]
[D: 2018-06-05 20:00:46,785] [P: DEBUG] [C: ] [T: http-nio-8080-exec-4] [L: org.apache.commons.beanutils.converters.DoubleConverter] - [M: Setting default value: 0]
[D: 2018-06-05 20:00:46,785] [P: DEBUG] [C: ] [T: http-nio-8080-exec-4] [L: org.apache.commons.beanutils.converters.DoubleConverter] - [M: Converting 'Integer' value '0' to type 'Double']
[D: 2018-06-05 20:00:46,786] [P: DEBUG] [C: ] [T: http-nio-8080-exec-4] [L: org.apache.commons.beanutils.converters.DoubleConverter] - [M:     Converted to Double value '0.0']
[D: 2018-06-05 20:00:46,786] [P: DEBUG] [C: ] [T: http-nio-8080-exec-4] [L: org.apache.commons.beanutils.converters.FloatConverter] - [M: Setting default value: 0]
[D: 2018-06-05 20:00:46,787] [P: DEBUG] [C: ] [T: http-nio-8080-exec-4] [L: org.apache.commons.beanutils.converters.FloatConverter] - [M: Converting 'Integer' value '0' to type 'Float']
[D: 2018-06-05 20:00:46,787] [P: DEBUG] [C: ] [T: http-nio-8080-exec-4] [L: org.apache.commons.beanutils.converters.FloatConverter] - [M:     Converted to Float value '0.0']
[D: 2018-06-05 20:00:46,788] [P: DEBUG] [C: ] [T: http-nio-8080-exec-4] [L: org.apache.commons.beanutils.converters.IntegerConverter] - [M: Setting default value: 0]
[D: 2018-06-05 20:00:46,789] [P: DEBUG] [C: ] [T: http-nio-8080-exec-4] [L: org.apache.commons.beanutils.converters.IntegerConverter] - [M: Converting 'Integer' value '0' to type 'Integer']
[D: 2018-06-05 20:00:46,789] [P: DEBUG] [C: ] [T: http-nio-8080-exec-4] [L: org.apache.commons.beanutils.converters.IntegerConverter] - [M:     No conversion required, value is already a Integer]
[D: 2018-06-05 20:00:46,790] [P: DEBUG] [C: ] [T: http-nio-8080-exec-4] [L: org.apache.commons.beanutils.converters.LongConverter] - [M: Setting default value: 0]
[D: 2018-06-05 20:00:46,790] [P: DEBUG] [C: ] [T: http-nio-8080-exec-4] [L: org.apache.commons.beanutils.converters.LongConverter] - [M: Converting 'Integer' value '0' to type 'Long']
[D: 2018-06-05 20:00:46,791] [P: DEBUG] [C: ] [T: http-nio-8080-exec-4] [L: org.apache.commons.beanutils.converters.LongConverter] - [M:     Converted to Long value '0']
[D: 2018-06-05 20:00:46,798] [P: DEBUG] [C: ] [T: http-nio-8080-exec-4] [L: org.apache.commons.beanutils.converters.ShortConverter] - [M: Setting default value: 0]
[D: 2018-06-05 20:00:46,800] [P: DEBUG] [C: ] [T: http-nio-8080-exec-4] [L: org.apache.commons.beanutils.converters.ShortConverter] - [M: Converting 'Integer' value '0' to type 'Short']
[D: 2018-06-05 20:00:46,800] [P: DEBUG] [C: ] [T: http-nio-8080-exec-4] [L: org.apache.commons.beanutils.converters.ShortConverter] - [M:     Converted to Short value '0']
[D: 2018-06-05 20:00:46,804] [P: DEBUG] [C: ] [T: http-nio-8080-exec-4] [L: org.apache.commons.beanutils.converters.StringConverter] - [M: Setting default value: ]
[D: 2018-06-05 20:00:46,805] [P: DEBUG] [C: ] [T: http-nio-8080-exec-4] [L: org.apache.commons.beanutils.converters.StringConverter] - [M: Converting 'String' value '' to type 'String']
[D: 2018-06-05 20:00:46,830] [P: DEBUG] [C: ] [T: http-nio-8080-exec-4] [L: org.apache.commons.beanutils.converters.ArrayConverter] - [M: Setting default value: [Z@6882fa58]
[D: 2018-06-05 20:00:46,831] [P: DEBUG] [C: ] [T: http-nio-8080-exec-4] [L: org.apache.commons.beanutils.converters.ArrayConverter] - [M: Converting 'boolean[]' value '[Z@6882fa58' to type 'boolean[]']
[D: 2018-06-05 20:00:46,832] [P: DEBUG] [C: ] [T: http-nio-8080-exec-4] [L: org.apache.commons.beanutils.converters.ArrayConverter] - [M:     No conversion required, value is already a boolean[]]
[D: 2018-06-05 20:00:46,834] [P: DEBUG] [C: ] [T: http-nio-8080-exec-4] [L: org.apache.commons.beanutils.converters.ArrayConverter] - [M: Setting default value: [B@1a06ae6]
[D: 2018-06-05 20:00:46,835] [P: DEBUG] [C: ] [T: http-nio-8080-exec-4] [L: org.apache.commons.beanutils.converters.ArrayConverter] - [M: Converting 'byte[]' value '[B@1a06ae6' to type 'byte[]']
[D: 2018-06-05 20:00:46,838] [P: DEBUG] [C: ] [T: http-nio-8080-exec-4] [L: org.apache.commons.beanutils.converters.ArrayConverter] - [M:     No conversion required, value is already a byte[]]
[D: 2018-06-05 20:00:46,838] [P: DEBUG] [C: ] [T: http-nio-8080-exec-4] [L: org.apache.commons.beanutils.converters.ArrayConverter] - [M: Setting default value: [C@19ece689]
[D: 2018-06-05 20:00:46,839] [P: DEBUG] [C: ] [T: http-nio-8080-exec-4] [L: org.apache.commons.beanutils.converters.ArrayConverter] - [M: Converting 'char[]' value '[C@19ece689' to type 'char[]']
[D: 2018-06-05 20:00:46,840] [P: DEBUG] [C: ] [T: http-nio-8080-exec-4] [L: org.apache.commons.beanutils.converters.ArrayConverter] - [M:     No conversion required, value is already a char[]]
[D: 2018-06-05 20:00:46,840] [P: DEBUG] [C: ] [T: http-nio-8080-exec-4] [L: org.apache.commons.beanutils.converters.ArrayConverter] - [M: Setting default value: [D@643feedf]
[D: 2018-06-05 20:00:46,841] [P: DEBUG] [C: ] [T: http-nio-8080-exec-4] [L: org.apache.commons.beanutils.converters.ArrayConverter] - [M: Converting 'double[]' value '[D@643feedf' to type 'double[]']
[D: 2018-06-05 20:00:46,841] [P: DEBUG] [C: ] [T: http-nio-8080-exec-4] [L: org.apache.commons.beanutils.converters.ArrayConverter] - [M:     No conversion required, value is already a double[]]
[D: 2018-06-05 20:00:46,842] [P: DEBUG] [C: ] [T: http-nio-8080-exec-4] [L: org.apache.commons.beanutils.converters.ArrayConverter] - [M: Setting default value: [F@1b90983a]
[D: 2018-06-05 20:00:46,842] [P: DEBUG] [C: ] [T: http-nio-8080-exec-4] [L: org.apache.commons.beanutils.converters.ArrayConverter] - [M: Converting 'float[]' value '[F@1b90983a' to type 'float[]']
[D: 2018-06-05 20:00:46,849] [P: DEBUG] [C: ] [T: http-nio-8080-exec-4] [L: org.apache.commons.beanutils.converters.ArrayConverter] - [M:     No conversion required, value is already a float[]]
[D: 2018-06-05 20:00:46,851] [P: DEBUG] [C: ] [T: http-nio-8080-exec-4] [L: org.apache.commons.beanutils.converters.ArrayConverter] - [M: Setting default value: [I@19e536f4]
[D: 2018-06-05 20:00:46,852] [P: DEBUG] [C: ] [T: http-nio-8080-exec-4] [L: org.apache.commons.beanutils.converters.ArrayConverter] - [M: Converting 'int[]' value '[I@19e536f4' to type 'int[]']
[D: 2018-06-05 20:00:46,853] [P: DEBUG] [C: ] [T: http-nio-8080-exec-4] [L: org.apache.commons.beanutils.converters.ArrayConverter] - [M:     No conversion required, value is already a int[]]
[D: 2018-06-05 20:00:46,855] [P: DEBUG] [C: ] [T: http-nio-8080-exec-4] [L: org.apache.commons.beanutils.converters.ArrayConverter] - [M: Setting default value: [J@674353ef]
[D: 2018-06-05 20:00:46,856] [P: DEBUG] [C: ] [T: http-nio-8080-exec-4] [L: org.apache.commons.beanutils.converters.ArrayConverter] - [M: Converting 'long[]' value '[J@674353ef' to type 'long[]']
[D: 2018-06-05 20:00:46,857] [P: DEBUG] [C: ] [T: http-nio-8080-exec-4] [L: org.apache.commons.beanutils.converters.ArrayConverter] - [M:     No conversion required, value is already a long[]]
[D: 2018-06-05 20:00:46,857] [P: DEBUG] [C: ] [T: http-nio-8080-exec-4] [L: org.apache.commons.beanutils.converters.ArrayConverter] - [M: Setting default value: [S@7c1110ce]
[D: 2018-06-05 20:00:46,858] [P: DEBUG] [C: ] [T: http-nio-8080-exec-4] [L: org.apache.commons.beanutils.converters.ArrayConverter] - [M: Converting 'short[]' value '[S@7c1110ce' to type 'short[]']
[D: 2018-06-05 20:00:46,863] [P: DEBUG] [C: ] [T: http-nio-8080-exec-4] [L: org.apache.commons.beanutils.converters.ArrayConverter] - [M:     No conversion required, value is already a short[]]
[D: 2018-06-05 20:00:46,865] [P: DEBUG] [C: ] [T: http-nio-8080-exec-4] [L: org.apache.commons.beanutils.converters.ArrayConverter] - [M: Setting default value: [Ljava.math.BigDecimal;@63df163e]
[D: 2018-06-05 20:00:46,866] [P: DEBUG] [C: ] [T: http-nio-8080-exec-4] [L: org.apache.commons.beanutils.converters.ArrayConverter] - [M: Converting 'BigDecimal[]' value '[Ljava.math.BigDecimal;@63df163e' to type 'BigDecimal[]']
[D: 2018-06-05 20:00:46,867] [P: DEBUG] [C: ] [T: http-nio-8080-exec-4] [L: org.apache.commons.beanutils.converters.ArrayConverter] - [M:     No conversion required, value is already a BigDecimal[]]
[D: 2018-06-05 20:00:46,868] [P: DEBUG] [C: ] [T: http-nio-8080-exec-4] [L: org.apache.commons.beanutils.converters.ArrayConverter] - [M: Setting default value: [Ljava.math.BigInteger;@2e1c3384]
[D: 2018-06-05 20:00:46,868] [P: DEBUG] [C: ] [T: http-nio-8080-exec-4] [L: org.apache.commons.beanutils.converters.ArrayConverter] - [M: Converting 'BigInteger[]' value '[Ljava.math.BigInteger;@2e1c3384' to type 'BigInteger[]']
[D: 2018-06-05 20:00:46,869] [P: DEBUG] [C: ] [T: http-nio-8080-exec-4] [L: org.apache.commons.beanutils.converters.ArrayConverter] - [M:     No conversion required, value is already a BigInteger[]]
[D: 2018-06-05 20:00:46,869] [P: DEBUG] [C: ] [T: http-nio-8080-exec-4] [L: org.apache.commons.beanutils.converters.ArrayConverter] - [M: Setting default value: [Ljava.lang.Boolean;@410a426e]
[D: 2018-06-05 20:00:46,870] [P: DEBUG] [C: ] [T: http-nio-8080-exec-4] [L: org.apache.commons.beanutils.converters.ArrayConverter] - [M: Converting 'Boolean[]' value '[Ljava.lang.Boolean;@410a426e' to type 'Boolean[]']
[D: 2018-06-05 20:00:46,870] [P: DEBUG] [C: ] [T: http-nio-8080-exec-4] [L: org.apache.commons.beanutils.converters.ArrayConverter] - [M:     No conversion required, value is already a Boolean[]]
[D: 2018-06-05 20:00:46,871] [P: DEBUG] [C: ] [T: http-nio-8080-exec-4] [L: org.apache.commons.beanutils.converters.ArrayConverter] - [M: Setting default value: [Ljava.lang.Byte;@33b4fc86]
[D: 2018-06-05 20:00:46,871] [P: DEBUG] [C: ] [T: http-nio-8080-exec-4] [L: org.apache.commons.beanutils.converters.ArrayConverter] - [M: Converting 'Byte[]' value '[Ljava.lang.Byte;@33b4fc86' to type 'Byte[]']
[D: 2018-06-05 20:00:46,877] [P: DEBUG] [C: ] [T: http-nio-8080-exec-4] [L: org.apache.commons.beanutils.converters.ArrayConverter] - [M:     No conversion required, value is already a Byte[]]
[D: 2018-06-05 20:00:46,878] [P: DEBUG] [C: ] [T: http-nio-8080-exec-4] [L: org.apache.commons.beanutils.converters.ArrayConverter] - [M: Setting default value: [Ljava.lang.Character;@17e08390]
[D: 2018-06-05 20:00:46,879] [P: DEBUG] [C: ] [T: http-nio-8080-exec-4] [L: org.apache.commons.beanutils.converters.ArrayConverter] - [M: Converting 'Character[]' value '[Ljava.lang.Character;@17e08390' to type 'Character[]']
[D: 2018-06-05 20:00:46,879] [P: DEBUG] [C: ] [T: http-nio-8080-exec-4] [L: org.apache.commons.beanutils.converters.ArrayConverter] - [M:     No conversion required, value is already a Character[]]
[D: 2018-06-05 20:00:46,880] [P: DEBUG] [C: ] [T: http-nio-8080-exec-4] [L: org.apache.commons.beanutils.converters.ArrayConverter] - [M: Setting default value: [Ljava.lang.Double;@46aba30]
[D: 2018-06-05 20:00:46,880] [P: DEBUG] [C: ] [T: http-nio-8080-exec-4] [L: org.apache.commons.beanutils.converters.ArrayConverter] - [M: Converting 'Double[]' value '[Ljava.lang.Double;@46aba30' to type 'Double[]']
[D: 2018-06-05 20:00:46,881] [P: DEBUG] [C: ] [T: http-nio-8080-exec-4] [L: org.apache.commons.beanutils.converters.ArrayConverter] - [M:     No conversion required, value is already a Double[]]
[D: 2018-06-05 20:00:46,881] [P: DEBUG] [C: ] [T: http-nio-8080-exec-4] [L: org.apache.commons.beanutils.converters.ArrayConverter] - [M: Setting default value: [Ljava.lang.Float;@37f65d1f]
[D: 2018-06-05 20:00:46,882] [P: DEBUG] [C: ] [T: http-nio-8080-exec-4] [L: org.apache.commons.beanutils.converters.ArrayConverter] - [M: Converting 'Float[]' value '[Ljava.lang.Float;@37f65d1f' to type 'Float[]']
[D: 2018-06-05 20:00:46,882] [P: DEBUG] [C: ] [T: http-nio-8080-exec-4] [L: org.apache.commons.beanutils.converters.ArrayConverter] - [M:     No conversion required, value is already a Float[]]
[D: 2018-06-05 20:00:46,884] [P: DEBUG] [C: ] [T: http-nio-8080-exec-4] [L: org.apache.commons.beanutils.converters.ArrayConverter] - [M: Setting default value: [Ljava.lang.Integer;@757331eb]
[D: 2018-06-05 20:00:46,890] [P: DEBUG] [C: ] [T: http-nio-8080-exec-4] [L: org.apache.commons.beanutils.converters.ArrayConverter] - [M: Converting 'Integer[]' value '[Ljava.lang.Integer;@757331eb' to type 'Integer[]']
[D: 2018-06-05 20:00:46,890] [P: DEBUG] [C: ] [T: http-nio-8080-exec-4] [L: org.apache.commons.beanutils.converters.ArrayConverter] - [M:     No conversion required, value is already a Integer[]]
[D: 2018-06-05 20:00:46,892] [P: DEBUG] [C: ] [T: http-nio-8080-exec-4] [L: org.apache.commons.beanutils.converters.ArrayConverter] - [M: Setting default value: [Ljava.lang.Long;@45c6da8a]
[D: 2018-06-05 20:00:46,893] [P: DEBUG] [C: ] [T: http-nio-8080-exec-4] [L: org.apache.commons.beanutils.converters.ArrayConverter] - [M: Converting 'Long[]' value '[Ljava.lang.Long;@45c6da8a' to type 'Long[]']
[D: 2018-06-05 20:00:46,893] [P: DEBUG] [C: ] [T: http-nio-8080-exec-4] [L: org.apache.commons.beanutils.converters.ArrayConverter] - [M:     No conversion required, value is already a Long[]]
[D: 2018-06-05 20:00:46,894] [P: DEBUG] [C: ] [T: http-nio-8080-exec-4] [L: org.apache.commons.beanutils.converters.ArrayConverter] - [M: Setting default value: [Ljava.lang.Short;@40054c64]
[D: 2018-06-05 20:00:46,894] [P: DEBUG] [C: ] [T: http-nio-8080-exec-4] [L: org.apache.commons.beanutils.converters.ArrayConverter] - [M: Converting 'Short[]' value '[Ljava.lang.Short;@40054c64' to type 'Short[]']
[D: 2018-06-05 20:00:46,895] [P: DEBUG] [C: ] [T: http-nio-8080-exec-4] [L: org.apache.commons.beanutils.converters.ArrayConverter] - [M:     No conversion required, value is already a Short[]]
[D: 2018-06-05 20:00:46,895] [P: DEBUG] [C: ] [T: http-nio-8080-exec-4] [L: org.apache.commons.beanutils.converters.ArrayConverter] - [M: Setting default value: [Ljava.lang.String;@18dbe409]
[D: 2018-06-05 20:00:46,896] [P: DEBUG] [C: ] [T: http-nio-8080-exec-4] [L: org.apache.commons.beanutils.converters.ArrayConverter] - [M: Converting 'String[]' value '[Ljava.lang.String;@18dbe409' to type 'String[]']
[D: 2018-06-05 20:00:46,896] [P: DEBUG] [C: ] [T: http-nio-8080-exec-4] [L: org.apache.commons.beanutils.converters.ArrayConverter] - [M:     No conversion required, value is already a String[]]
[D: 2018-06-05 20:00:46,897] [P: DEBUG] [C: ] [T: http-nio-8080-exec-4] [L: org.apache.commons.beanutils.converters.ArrayConverter] - [M: Setting default value: [Ljava.lang.Class;@1aafed8a]
[D: 2018-06-05 20:00:46,897] [P: DEBUG] [C: ] [T: http-nio-8080-exec-4] [L: org.apache.commons.beanutils.converters.ArrayConverter] - [M: Converting 'Class[]' value '[Ljava.lang.Class;@1aafed8a' to type 'Class[]']
[D: 2018-06-05 20:00:46,898] [P: DEBUG] [C: ] [T: http-nio-8080-exec-4] [L: org.apache.commons.beanutils.converters.ArrayConverter] - [M:     No conversion required, value is already a Class[]]
[D: 2018-06-05 20:00:46,898] [P: DEBUG] [C: ] [T: http-nio-8080-exec-4] [L: org.apache.commons.beanutils.converters.ArrayConverter] - [M: Setting default value: [Ljava.util.Date;@7023f4d7]
[D: 2018-06-05 20:00:46,898] [P: DEBUG] [C: ] [T: http-nio-8080-exec-4] [L: org.apache.commons.beanutils.converters.ArrayConverter] - [M: Converting 'Date[]' value '[Ljava.util.Date;@7023f4d7' to type 'Date[]']
[D: 2018-06-05 20:00:46,899] [P: DEBUG] [C: ] [T: http-nio-8080-exec-4] [L: org.apache.commons.beanutils.converters.ArrayConverter] - [M:     No conversion required, value is already a Date[]]
[D: 2018-06-05 20:00:46,904] [P: DEBUG] [C: ] [T: http-nio-8080-exec-4] [L: org.apache.commons.beanutils.converters.ArrayConverter] - [M: Setting default value: [Ljava.util.Calendar;@f16840c]
[D: 2018-06-05 20:00:46,904] [P: DEBUG] [C: ] [T: http-nio-8080-exec-4] [L: org.apache.commons.beanutils.converters.ArrayConverter] - [M: Converting 'Calendar[]' value '[Ljava.util.Calendar;@f16840c' to type 'Calendar[]']
[D: 2018-06-05 20:00:46,906] [P: DEBUG] [C: ] [T: http-nio-8080-exec-4] [L: org.apache.commons.beanutils.converters.ArrayConverter] - [M:     No conversion required, value is already a Calendar[]]
[D: 2018-06-05 20:00:46,906] [P: DEBUG] [C: ] [T: http-nio-8080-exec-4] [L: org.apache.commons.beanutils.converters.ArrayConverter] - [M: Setting default value: [Ljava.io.File;@5da2f04]
[D: 2018-06-05 20:00:46,906] [P: DEBUG] [C: ] [T: http-nio-8080-exec-4] [L: org.apache.commons.beanutils.converters.ArrayConverter] - [M: Converting 'java.io.File[]' value '[Ljava.io.File;@5da2f04' to type 'java.io.File[]']
[D: 2018-06-05 20:00:46,907] [P: DEBUG] [C: ] [T: http-nio-8080-exec-4] [L: org.apache.commons.beanutils.converters.ArrayConverter] - [M:     No conversion required, value is already a java.io.File[]]
[D: 2018-06-05 20:00:46,909] [P: DEBUG] [C: ] [T: http-nio-8080-exec-4] [L: org.apache.commons.beanutils.converters.ArrayConverter] - [M: Setting default value: [Ljava.sql.Date;@2036bb26]
[D: 2018-06-05 20:00:46,909] [P: DEBUG] [C: ] [T: http-nio-8080-exec-4] [L: org.apache.commons.beanutils.converters.ArrayConverter] - [M: Converting 'java.sql.Date[]' value '[Ljava.sql.Date;@2036bb26' to type 'java.sql.Date[]']
[D: 2018-06-05 20:00:46,910] [P: DEBUG] [C: ] [T: http-nio-8080-exec-4] [L: org.apache.commons.beanutils.converters.ArrayConverter] - [M:     No conversion required, value is already a java.sql.Date[]]
[D: 2018-06-05 20:00:46,910] [P: DEBUG] [C: ] [T: http-nio-8080-exec-4] [L: org.apache.commons.beanutils.converters.ArrayConverter] - [M: Setting default value: [Ljava.sql.Time;@19c34667]
[D: 2018-06-05 20:00:46,911] [P: DEBUG] [C: ] [T: http-nio-8080-exec-4] [L: org.apache.commons.beanutils.converters.ArrayConverter] - [M: Converting 'java.sql.Time[]' value '[Ljava.sql.Time;@19c34667' to type 'java.sql.Time[]']
[D: 2018-06-05 20:00:46,911] [P: DEBUG] [C: ] [T: http-nio-8080-exec-4] [L: org.apache.commons.beanutils.converters.ArrayConverter] - [M:     No conversion required, value is already a java.sql.Time[]]
[D: 2018-06-05 20:00:46,912] [P: DEBUG] [C: ] [T: http-nio-8080-exec-4] [L: org.apache.commons.beanutils.converters.ArrayConverter] - [M: Setting default value: [Ljava.sql.Timestamp;@4c177654]
[D: 2018-06-05 20:00:46,912] [P: DEBUG] [C: ] [T: http-nio-8080-exec-4] [L: org.apache.commons.beanutils.converters.ArrayConverter] - [M: Converting 'java.sql.Timestamp[]' value '[Ljava.sql.Timestamp;@4c177654' to type 'java.sql.Timestamp[]']
[D: 2018-06-05 20:00:46,912] [P: DEBUG] [C: ] [T: http-nio-8080-exec-4] [L: org.apache.commons.beanutils.converters.ArrayConverter] - [M:     No conversion required, value is already a java.sql.Timestamp[]]
[D: 2018-06-05 20:00:46,913] [P: DEBUG] [C: ] [T: http-nio-8080-exec-4] [L: org.apache.commons.beanutils.converters.ArrayConverter] - [M: Setting default value: [Ljava.net.URL;@2da5f5fd]
[D: 2018-06-05 20:00:46,918] [P: DEBUG] [C: ] [T: http-nio-8080-exec-4] [L: org.apache.commons.beanutils.converters.ArrayConverter] - [M: Converting 'java.net.URL[]' value '[Ljava.net.URL;@2da5f5fd' to type 'java.net.URL[]']
[D: 2018-06-05 20:00:46,920] [P: DEBUG] [C: ] [T: http-nio-8080-exec-4] [L: org.apache.commons.beanutils.converters.ArrayConverter] - [M:     No conversion required, value is already a java.net.URL[]]
[D: 2018-06-05 20:00:47,142] [P: DEBUG] [C: ] [T: http-nio-8080-exec-4] [L: org.apache.commons.beanutils.converters.IntegerConverter] - [M: Converting 'Integer' value '0' to type 'Integer']
[D: 2018-06-05 20:00:47,143] [P: DEBUG] [C: ] [T: http-nio-8080-exec-4] [L: org.apache.commons.beanutils.converters.IntegerConverter] - [M:     No conversion required, value is already a Integer]
[D: 2018-06-05 20:00:47,343] [P: INFO ] [C: ] [T: http-nio-8080-exec-4] [L: io.oasp.module.logging.common.impl.PerformanceLogFilter] - [M: http://localhost:8080/oasp4j-sample-server/index.html;50;200;;]
[D: 2018-06-05 20:00:47,358] [P: INFO ] [C: ] [T: http-nio-8080-exec-4] [L: io.oasp.module.logging.common.impl.PerformanceLogFilter] - [M: http://localhost:8080/oasp4j-sample-server/;120;200;;]
[D: 2018-06-05 20:02:02,326] [P: INFO ] [C: ] [T: Thread-9] [L: org.springframework.boot.context.embedded.AnnotationConfigEmbeddedWebApplicationContext] - [M: Closing org.springframework.boot.context.embedded.AnnotationConfigEmbeddedWebApplicationContext@3d3b0343: startup date [Tue Jun 05 19:58:23 IST 2018]; root of context hierarchy]
[D: 2018-06-05 20:02:02,326] [P: DEBUG] [C: ] [T: Thread-9] [L: org.apache.cxf.endpoint.ServerImpl] - [M: Server is stopping.]
[D: 2018-06-05 20:02:02,326] [P: DEBUG] [C: ] [T: Thread-9] [L: org.apache.cxf.transport.servlet.ServletDestination] - [M: unregistering incoming observer: org.apache.cxf.transport.ChainInitiationObserver@35734f8]
[D: 2018-06-05 20:02:02,326] [P: DEBUG] [C: ] [T: Thread-9] [L: org.apache.cxf.endpoint.ServerImpl] - [M: unregister the server to serverRegistry ]
[D: 2018-06-05 20:02:02,326] [P: DEBUG] [C: ] [T: Thread-9] [L: org.apache.cxf.endpoint.ServerImpl] - [M: Server is stopping.]
[D: 2018-06-05 20:02:02,326] [P: DEBUG] [C: ] [T: Thread-9] [L: org.apache.cxf.transport.servlet.ServletDestination] - [M: unregistering incoming observer: org.apache.cxf.transport.ChainInitiationObserver@59bbde6a]
[D: 2018-06-05 20:02:02,326] [P: DEBUG] [C: ] [T: Thread-9] [L: org.apache.cxf.endpoint.ServerImpl] - [M: unregister the server to serverRegistry ]
[D: 2018-06-05 20:02:02,342] [P: INFO ] [C: ] [T: Thread-9] [L: org.springframework.context.support.DefaultLifecycleProcessor] - [M: Stopping beans in phase 2147483647]
[D: 2018-06-05 20:02:02,404] [P: INFO ] [C: ] [T: Thread-9] [L: org.springframework.messaging.simp.broker.SimpleBrokerMessageHandler] - [M: Stopping...]
[D: 2018-06-05 20:02:02,404] [P: INFO ] [C: ] [T: Thread-9] [L: org.springframework.messaging.simp.broker.SimpleBrokerMessageHandler] - [M: BrokerAvailabilityEvent[available=false, SimpleBrokerMessageHandler [DefaultSubscriptionRegistry[cache[0 destination(s)], registry[0 sessions]]]]]
[D: 2018-06-05 20:02:02,404] [P: INFO ] [C: ] [T: Thread-9] [L: org.springframework.messaging.simp.broker.SimpleBrokerMessageHandler] - [M: Stopped.]
[D: 2018-06-05 20:02:02,404] [P: INFO ] [C: ] [T: Thread-9] [L: org.springframework.context.support.DefaultLifecycleProcessor] - [M: Stopping beans in phase 0]
[D: 2018-06-05 20:02:02,404] [P: INFO ] [C: ] [T: Thread-9] [L: org.springframework.integration.endpoint.EventDrivenConsumer] - [M: Removing {logging-channel-adapter:_org.springframework.integration.errorLogger} as a subscriber to the 'errorChannel' channel]
[D: 2018-06-05 20:02:02,404] [P: INFO ] [C: ] [T: Thread-9] [L: org.springframework.integration.channel.PublishSubscribeChannel] - [M: Channel 'restaurant.errorChannel' has 0 subscriber(s).]
[D: 2018-06-05 20:02:02,404] [P: INFO ] [C: ] [T: Thread-9] [L: org.springframework.integration.endpoint.EventDrivenConsumer] - [M: stopped _org.springframework.integration.errorLogger]
[D: 2018-06-05 20:02:02,420] [P: INFO ] [C: ] [T: Thread-9] [L: org.springframework.boot.actuate.endpoint.jmx.EndpointMBeanExporter] - [M: Unregistering JMX-exposed beans on shutdown]
[D: 2018-06-05 20:02:02,420] [P: INFO ] [C: ] [T: Thread-9] [L: org.springframework.boot.actuate.endpoint.jmx.EndpointMBeanExporter] - [M: Unregistering JMX-exposed beans]
[D: 2018-06-05 20:02:02,420] [P: INFO ] [C: ] [T: Thread-9] [L: org.springframework.scheduling.concurrent.ThreadPoolTaskScheduler] - [M: Shutting down ExecutorService 'taskScheduler']
[D: 2018-06-05 20:02:02,420] [P: INFO ] [C: ] [T: Thread-9] [L: org.springframework.jmx.export.annotation.AnnotationMBeanExporter] - [M: Unregistering JMX-exposed beans on shutdown]
[D: 2018-06-05 20:02:02,420] [P: INFO ] [C: ] [T: Thread-9] [L: org.springframework.scheduling.concurrent.ThreadPoolTaskExecutor] - [M: Shutting down ExecutorService 'brokerChannelExecutor']
[D: 2018-06-05 20:02:02,420] [P: INFO ] [C: ] [T: Thread-9] [L: org.springframework.scheduling.concurrent.ThreadPoolTaskScheduler] - [M: Shutting down ExecutorService 'messageBrokerTaskScheduler']
[D: 2018-06-05 20:02:02,436] [P: INFO ] [C: ] [T: Thread-9] [L: org.springframework.scheduling.concurrent.ThreadPoolTaskExecutor] - [M: Shutting down ExecutorService 'clientOutboundChannelExecutor']
[D: 2018-06-05 20:02:02,436] [P: INFO ] [C: ] [T: Thread-9] [L: org.springframework.scheduling.concurrent.ThreadPoolTaskExecutor] - [M: Shutting down ExecutorService 'clientInboundChannelExecutor']
[D: 2018-06-05 20:02:02,436] [P: INFO ] [C: ] [T: Thread-9] [L: org.springframework.orm.jpa.LocalContainerEntityManagerFactoryBean] - [M: Closing JPA EntityManagerFactory for persistence unit 'default']
