[D: 2018-06-05 20:00:28,858] [P: INFO ] [C: ] [T: http-nio-8080-exec-1] [L: org.springframework.web.servlet.DispatcherServlet] - [M: FrameworkServlet 'dispatcherServlet': initialization started]
[D: 2018-06-05 20:00:28,936] [P: INFO ] [C: ] [T: http-nio-8080-exec-1] [L: org.springframework.web.servlet.DispatcherServlet] - [M: FrameworkServlet 'dispatcherServlet': initialization completed in 78 ms]
[D: 2018-06-05 20:00:46,534] [P: INFO ] [C: ] [T: http-nio-8080-exec-4] [L: org.dozer.DozerBeanMapper] - [M: Using the following xml files to load custom mappings for the bean mapper instance: [config/app/common/dozer-mapping.xml]]
[D: 2018-06-05 20:00:46,535] [P: INFO ] [C: ] [T: http-nio-8080-exec-4] [L: org.dozer.DozerBeanMapper] - [M: Trying to find xml mapping file: config/app/common/dozer-mapping.xml]
[D: 2018-06-05 20:00:46,542] [P: INFO ] [C: ] [T: http-nio-8080-exec-4] [L: org.dozer.DozerBeanMapper] - [M: Using URL [jar:file:/D:/Devcon_release/2.4.0/Devon-dist_2.4.0/software/tomcat/webapps/oasp4j-sample-server/WEB-INF/lib/oasp4j-sample-core-dev-SNAPSHOT.jar!/config/app/common/dozer-mapping.xml] to load custom xml mappings]
[D: 2018-06-05 20:00:46,614] [P: INFO ] [C: ] [T: http-nio-8080-exec-4] [L: org.dozer.DozerBeanMapper] - [M: Successfully loaded custom xml mappings from URL: [jar:file:/D:/Devcon_release/2.4.0/Devon-dist_2.4.0/software/tomcat/webapps/oasp4j-sample-server/WEB-INF/lib/oasp4j-sample-core-dev-SNAPSHOT.jar!/config/app/common/dozer-mapping.xml]]
[D: 2018-06-05 20:00:47,343] [P: INFO ] [C: ] [T: http-nio-8080-exec-4] [L: io.oasp.module.logging.common.impl.PerformanceLogFilter] - [M: http://localhost:8080/oasp4j-sample-server/index.html;50;200;;]
[D: 2018-06-05 20:00:47,358] [P: INFO ] [C: ] [T: http-nio-8080-exec-4] [L: io.oasp.module.logging.common.impl.PerformanceLogFilter] - [M: http://localhost:8080/oasp4j-sample-server/;120;200;;]
[D: 2018-06-05 20:02:02,326] [P: INFO ] [C: ] [T: Thread-9] [L: org.springframework.boot.context.embedded.AnnotationConfigEmbeddedWebApplicationContext] - [M: Closing org.springframework.boot.context.embedded.AnnotationConfigEmbeddedWebApplicationContext@3d3b0343: startup date [Tue Jun 05 19:58:23 IST 2018]; root of context hierarchy]
[D: 2018-06-05 20:02:02,342] [P: INFO ] [C: ] [T: Thread-9] [L: org.springframework.context.support.DefaultLifecycleProcessor] - [M: Stopping beans in phase 2147483647]
[D: 2018-06-05 20:02:02,404] [P: INFO ] [C: ] [T: Thread-9] [L: org.springframework.messaging.simp.broker.SimpleBrokerMessageHandler] - [M: Stopping...]
[D: 2018-06-05 20:02:02,404] [P: INFO ] [C: ] [T: Thread-9] [L: org.springframework.messaging.simp.broker.SimpleBrokerMessageHandler] - [M: BrokerAvailabilityEvent[available=false, SimpleBrokerMessageHandler [DefaultSubscriptionRegistry[cache[0 destination(s)], registry[0 sessions]]]]]
[D: 2018-06-05 20:02:02,404] [P: INFO ] [C: ] [T: Thread-9] [L: org.springframework.messaging.simp.broker.SimpleBrokerMessageHandler] - [M: Stopped.]
[D: 2018-06-05 20:02:02,404] [P: INFO ] [C: ] [T: Thread-9] [L: org.springframework.context.support.DefaultLifecycleProcessor] - [M: Stopping beans in phase 0]
[D: 2018-06-05 20:02:02,404] [P: INFO ] [C: ] [T: Thread-9] [L: org.springframework.integration.endpoint.EventDrivenConsumer] - [M: Removing {logging-channel-adapter:_org.springframework.integration.errorLogger} as a subscriber to the 'errorChannel' channel]
[D: 2018-06-05 20:02:02,404] [P: INFO ] [C: ] [T: Thread-9] [L: org.springframework.integration.channel.PublishSubscribeChannel] - [M: Channel 'restaurant.errorChannel' has 0 subscriber(s).]
[D: 2018-06-05 20:02:02,404] [P: INFO ] [C: ] [T: Thread-9] [L: org.springframework.integration.endpoint.EventDrivenConsumer] - [M: stopped _org.springframework.integration.errorLogger]
[D: 2018-06-05 20:02:02,420] [P: INFO ] [C: ] [T: Thread-9] [L: org.springframework.boot.actuate.endpoint.jmx.EndpointMBeanExporter] - [M: Unregistering JMX-exposed beans on shutdown]
[D: 2018-06-05 20:02:02,420] [P: INFO ] [C: ] [T: Thread-9] [L: org.springframework.boot.actuate.endpoint.jmx.EndpointMBeanExporter] - [M: Unregistering JMX-exposed beans]
[D: 2018-06-05 20:02:02,420] [P: INFO ] [C: ] [T: Thread-9] [L: org.springframework.scheduling.concurrent.ThreadPoolTaskScheduler] - [M: Shutting down ExecutorService 'taskScheduler']
[D: 2018-06-05 20:02:02,420] [P: INFO ] [C: ] [T: Thread-9] [L: org.springframework.jmx.export.annotation.AnnotationMBeanExporter] - [M: Unregistering JMX-exposed beans on shutdown]
[D: 2018-06-05 20:02:02,420] [P: INFO ] [C: ] [T: Thread-9] [L: org.springframework.scheduling.concurrent.ThreadPoolTaskExecutor] - [M: Shutting down ExecutorService 'brokerChannelExecutor']
[D: 2018-06-05 20:02:02,420] [P: INFO ] [C: ] [T: Thread-9] [L: org.springframework.scheduling.concurrent.ThreadPoolTaskScheduler] - [M: Shutting down ExecutorService 'messageBrokerTaskScheduler']
[D: 2018-06-05 20:02:02,436] [P: INFO ] [C: ] [T: Thread-9] [L: org.springframework.scheduling.concurrent.ThreadPoolTaskExecutor] - [M: Shutting down ExecutorService 'clientOutboundChannelExecutor']
[D: 2018-06-05 20:02:02,436] [P: INFO ] [C: ] [T: Thread-9] [L: org.springframework.scheduling.concurrent.ThreadPoolTaskExecutor] - [M: Shutting down ExecutorService 'clientInboundChannelExecutor']
[D: 2018-06-05 20:02:02,436] [P: INFO ] [C: ] [T: Thread-9] [L: org.springframework.orm.jpa.LocalContainerEntityManagerFactoryBean] - [M: Closing JPA EntityManagerFactory for persistence unit 'default']
