0:0:0:0:0:0:0:1 - - [31/May/2018:16:56:41 +0530] "GET / HTTP/1.1" 200 - "-" "Mozilla/5.0 (Windows NT 10.0; Win64; x64) AppleWebKit/537.36 (KHTML, like Gecko) Chrome/66.0.3359.181 Safari/537.36" "AWO18yZpdDWs6fI9AAAA"
0:0:0:0:0:0:0:1 - - [31/May/2018:16:56:42 +0530] "GET /css/sonar.a56594eb.css HTTP/1.1" 200 - "http://localhost:9000/" "Mozilla/5.0 (Windows NT 10.0; Win64; x64) AppleWebKit/537.36 (KHTML, like Gecko) Chrome/66.0.3359.181 Safari/537.36" "AWO18yZpdDWs6fI9AAAB"
0:0:0:0:0:0:0:1 - - [31/May/2018:16:56:42 +0530] "GET /js/vendor.c348694e.js HTTP/1.1" 200 - "http://localhost:9000/" "Mozilla/5.0 (Windows NT 10.0; Win64; x64) AppleWebKit/537.36 (KHTML, like Gecko) Chrome/66.0.3359.181 Safari/537.36" "AWO18yZpdDWs6fI9AAAC"
0:0:0:0:0:0:0:1 - - [31/May/2018:16:56:42 +0530] "GET /js/app.a56594eb.js HTTP/1.1" 200 - "http://localhost:9000/" "Mozilla/5.0 (Windows NT 10.0; Win64; x64) AppleWebKit/537.36 (KHTML, like Gecko) Chrome/66.0.3359.181 Safari/537.36" "AWO18yZpdDWs6fI9AAAD"
0:0:0:0:0:0:0:1 - - [31/May/2018:16:56:43 +0530] "GET /api/l10n/index?locale=en-US&ts=2018-04-17T07%3A13%3A01%2B0000 HTTP/1.1" 200 - "http://localhost:9000/" "Mozilla/5.0 (Windows NT 10.0; Win64; x64) AppleWebKit/537.36 (KHTML, like Gecko) Chrome/66.0.3359.181 Safari/537.36" "AWO18yZpdDWs6fI9AAAE"
0:0:0:0:0:0:0:1 - - [31/May/2018:16:56:43 +0530] "GET /favicon.ico HTTP/1.1" 200 5430 "http://localhost:9000/" "Mozilla/5.0 (Windows NT 10.0; Win64; x64) AppleWebKit/537.36 (KHTML, like Gecko) Chrome/66.0.3359.181 Safari/537.36" "AWO18yZpdDWs6fI9AAAF"
0:0:0:0:0:0:0:1 - - [31/May/2018:16:56:43 +0530] "GET /api/system/status HTTP/1.1" 200 67 "http://localhost:9000/" "Mozilla/5.0 (Windows NT 10.0; Win64; x64) AppleWebKit/537.36 (KHTML, like Gecko) Chrome/66.0.3359.181 Safari/537.36" "AWO18yZpdDWs6fI9AAAG"
0:0:0:0:0:0:0:1 - - [31/May/2018:16:56:44 +0530] "GET /api/users/current HTTP/1.1" 200 98 "http://localhost:9000/" "Mozilla/5.0 (Windows NT 10.0; Win64; x64) AppleWebKit/537.36 (KHTML, like Gecko) Chrome/66.0.3359.181 Safari/537.36" "AWO18yZpdDWs6fI9AAAH"
0:0:0:0:0:0:0:1 - - [31/May/2018:16:56:44 +0530] "GET /api/languages/list HTTP/1.1" 200 247 "http://localhost:9000/" "Mozilla/5.0 (Windows NT 10.0; Win64; x64) AppleWebKit/537.36 (KHTML, like Gecko) Chrome/66.0.3359.181 Safari/537.36" "AWO18yZpdDWs6fI9AAAJ"
0:0:0:0:0:0:0:1 - - [31/May/2018:16:56:44 +0530] "GET /api/navigation/global HTTP/1.1" 200 577 "http://localhost:9000/" "Mozilla/5.0 (Windows NT 10.0; Win64; x64) AppleWebKit/537.36 (KHTML, like Gecko) Chrome/66.0.3359.181 Safari/537.36" "AWO18yZpdDWs6fI9AAAI"
0:0:0:0:0:0:0:1 - - [31/May/2018:16:56:44 +0530] "GET /js/254.83f17f5b.chunk.js HTTP/1.1" 200 - "http://localhost:9000/about" "Mozilla/5.0 (Windows NT 10.0; Win64; x64) AppleWebKit/537.36 (KHTML, like Gecko) Chrome/66.0.3359.181 Safari/537.36" "AWO18yZpdDWs6fI9AAAK"
0:0:0:0:0:0:0:1 - - [31/May/2018:16:56:44 +0530] "GET /images/scanner-logos/sonarqube.svg HTTP/1.1" 200 8422 "http://localhost:9000/about" "Mozilla/5.0 (Windows NT 10.0; Win64; x64) AppleWebKit/537.36 (KHTML, like Gecko) Chrome/66.0.3359.181 Safari/537.36" "AWO18yZpdDWs6fI9AAAP"
0:0:0:0:0:0:0:1 - - [31/May/2018:16:56:44 +0530] "GET /images/scanner-logos/msbuild.svg HTTP/1.1" 200 722 "http://localhost:9000/about" "Mozilla/5.0 (Windows NT 10.0; Win64; x64) AppleWebKit/537.36 (KHTML, like Gecko) Chrome/66.0.3359.181 Safari/537.36" "AWO18yZpdDWs6fI9AAAQ"
0:0:0:0:0:0:0:1 - - [31/May/2018:16:56:44 +0530] "GET /images/logo.svg?v=6.6 HTTP/1.1" 200 3507 "http://localhost:9000/about" "Mozilla/5.0 (Windows NT 10.0; Win64; x64) AppleWebKit/537.36 (KHTML, like Gecko) Chrome/66.0.3359.181 Safari/537.36" "AWO18yZpdDWs6fI9AAAO"
0:0:0:0:0:0:0:1 - - [31/May/2018:16:56:44 +0530] "GET /images/scanner-logos/gradle.svg HTTP/1.1" 200 3708 "http://localhost:9000/about" "Mozilla/5.0 (Windows NT 10.0; Win64; x64) AppleWebKit/537.36 (KHTML, like Gecko) Chrome/66.0.3359.181 Safari/537.36" "AWO18yZpdDWs6fI9AAAS"
0:0:0:0:0:0:0:1 - - [31/May/2018:16:56:44 +0530] "GET /images/scanner-logos/maven.svg HTTP/1.1" 200 2234 "http://localhost:9000/about" "Mozilla/5.0 (Windows NT 10.0; Win64; x64) AppleWebKit/537.36 (KHTML, like Gecko) Chrome/66.0.3359.181 Safari/537.36" "AWO18yZpdDWs6fI9AAAR"
0:0:0:0:0:0:0:1 - - [31/May/2018:16:56:44 +0530] "GET /api/settings/values?keys=sonar.lf.aboutText HTTP/1.1" 200 15 "http://localhost:9000/about" "Mozilla/5.0 (Windows NT 10.0; Win64; x64) AppleWebKit/537.36 (KHTML, like Gecko) Chrome/66.0.3359.181 Safari/537.36" "AWO18yZpdDWs6fI9AAAN"
0:0:0:0:0:0:0:1 - - [31/May/2018:16:56:44 +0530] "GET /images/scanner-logos/jenkins.svg HTTP/1.1" 200 14902 "http://localhost:9000/about" "Mozilla/5.0 (Windows NT 10.0; Win64; x64) AppleWebKit/537.36 (KHTML, like Gecko) Chrome/66.0.3359.181 Safari/537.36" "AWO18yZpdDWs6fI9AAAT"
0:0:0:0:0:0:0:1 - - [31/May/2018:16:56:44 +0530] "GET /images/scanner-logos/ant.svg HTTP/1.1" 200 9688 "http://localhost:9000/about" "Mozilla/5.0 (Windows NT 10.0; Win64; x64) AppleWebKit/537.36 (KHTML, like Gecko) Chrome/66.0.3359.181 Safari/537.36" "AWO18yZpdDWs6fI9AAAV"
0:0:0:0:0:0:0:1 - - [31/May/2018:16:56:44 +0530] "GET /fonts/sonar-5.2.woff? HTTP/1.1" 200 17904 "http://localhost:9000/css/sonar.a56594eb.css" "Mozilla/5.0 (Windows NT 10.0; Win64; x64) AppleWebKit/537.36 (KHTML, like Gecko) Chrome/66.0.3359.181 Safari/537.36" "AWO18yZpdDWs6fI9AAAU"
0:0:0:0:0:0:0:1 - - [31/May/2018:16:56:44 +0530] "GET /api/components/search_projects?ps=1 HTTP/1.1" 200 77 "http://localhost:9000/about" "Mozilla/5.0 (Windows NT 10.0; Win64; x64) AppleWebKit/537.36 (KHTML, like Gecko) Chrome/66.0.3359.181 Safari/537.36" "AWO18yZpdDWs6fI9AAAL"
0:0:0:0:0:0:0:1 - - [31/May/2018:16:56:44 +0530] "GET /api/issues/search?resolved=false&facets=types&ps=1&additionalFields=_all HTTP/1.1" 200 500 "http://localhost:9000/about" "Mozilla/5.0 (Windows NT 10.0; Win64; x64) AppleWebKit/537.36 (KHTML, like Gecko) Chrome/66.0.3359.181 Safari/537.36" "AWO18yZpdDWs6fI9AAAM"
0:0:0:0:0:0:0:1 - - [31/May/2018:16:58:19 +0530] "GET /js/269.541c9b3a.chunk.js HTTP/1.1" 200 4847 "http://localhost:9000/sessions/new" "Mozilla/5.0 (Windows NT 10.0; Win64; x64) AppleWebKit/537.36 (KHTML, like Gecko) Chrome/66.0.3359.181 Safari/537.36" "AWO18yZpdDWs6fI9AAAW"
0:0:0:0:0:0:0:1 - - [31/May/2018:16:58:19 +0530] "GET /api/users/identity_providers HTTP/1.1" 200 24 "http://localhost:9000/sessions/new" "Mozilla/5.0 (Windows NT 10.0; Win64; x64) AppleWebKit/537.36 (KHTML, like Gecko) Chrome/66.0.3359.181 Safari/537.36" "AWO18yZpdDWs6fI9AAAX"
0:0:0:0:0:0:0:1 - - [31/May/2018:16:58:19 +0530] "GET /api/navigation/global HTTP/1.1" 200 577 "http://localhost:9000/sessions/new" "Mozilla/5.0 (Windows NT 10.0; Win64; x64) AppleWebKit/537.36 (KHTML, like Gecko) Chrome/66.0.3359.181 Safari/537.36" "AWO18yZpdDWs6fI9AAAY"
0:0:0:0:0:0:0:1 - - [31/May/2018:16:58:28 +0530] "POST /api/authentication/login HTTP/1.1" 401 - "http://localhost:9000/sessions/new" "Mozilla/5.0 (Windows NT 10.0; Win64; x64) AppleWebKit/537.36 (KHTML, like Gecko) Chrome/66.0.3359.181 Safari/537.36" "AWO18yZpdDWs6fI9AAAZ"
0:0:0:0:0:0:0:1 - - [31/May/2018:16:58:32 +0530] "GET /api/users/current HTTP/1.1" 200 98 "http://localhost:9000/" "Mozilla/5.0 (Windows NT 10.0; Win64; x64) AppleWebKit/537.36 (KHTML, like Gecko) Chrome/66.0.3359.181 Safari/537.36" "AWO18yZpdDWs6fI9AAAa"
0:0:0:0:0:0:0:1 - - [31/May/2018:16:58:32 +0530] "GET /api/languages/list HTTP/1.1" 200 247 "http://localhost:9000/" "Mozilla/5.0 (Windows NT 10.0; Win64; x64) AppleWebKit/537.36 (KHTML, like Gecko) Chrome/66.0.3359.181 Safari/537.36" "AWO18yZpdDWs6fI9AAAc"
0:0:0:0:0:0:0:1 - - [31/May/2018:16:58:32 +0530] "GET /api/navigation/global HTTP/1.1" 200 577 "http://localhost:9000/" "Mozilla/5.0 (Windows NT 10.0; Win64; x64) AppleWebKit/537.36 (KHTML, like Gecko) Chrome/66.0.3359.181 Safari/537.36" "AWO18yZpdDWs6fI9AAAb"
0:0:0:0:0:0:0:1 - - [31/May/2018:16:58:32 +0530] "GET /api/settings/values?keys=sonar.lf.aboutText HTTP/1.1" 200 15 "http://localhost:9000/about" "Mozilla/5.0 (Windows NT 10.0; Win64; x64) AppleWebKit/537.36 (KHTML, like Gecko) Chrome/66.0.3359.181 Safari/537.36" "AWO18yZpdDWs6fI9AAAf"
0:0:0:0:0:0:0:1 - - [31/May/2018:16:58:32 +0530] "GET /api/issues/search?resolved=false&facets=types&ps=1&additionalFields=_all HTTP/1.1" 200 500 "http://localhost:9000/about" "Mozilla/5.0 (Windows NT 10.0; Win64; x64) AppleWebKit/537.36 (KHTML, like Gecko) Chrome/66.0.3359.181 Safari/537.36" "AWO18yZpdDWs6fI9AAAe"
0:0:0:0:0:0:0:1 - - [31/May/2018:16:58:32 +0530] "GET /api/components/search_projects?ps=1 HTTP/1.1" 200 77 "http://localhost:9000/about" "Mozilla/5.0 (Windows NT 10.0; Win64; x64) AppleWebKit/537.36 (KHTML, like Gecko) Chrome/66.0.3359.181 Safari/537.36" "AWO18yZpdDWs6fI9AAAd"
0:0:0:0:0:0:0:1 - - [31/May/2018:16:59:07 +0530] "GET /js/279.27076db8.chunk.js HTTP/1.1" 200 2361 "http://localhost:9000/projects" "Mozilla/5.0 (Windows NT 10.0; Win64; x64) AppleWebKit/537.36 (KHTML, like Gecko) Chrome/66.0.3359.181 Safari/537.36" "AWO18yZpdDWs6fI9AAAg"
0:0:0:0:0:0:0:1 - - [31/May/2018:16:59:08 +0530] "GET /api/components/search_projects?ps=50&facets=reliability_rating%2Csecurity_rating%2Csqale_rating%2Ccoverage%2Cduplicated_lines_density%2Cncloc%2Calert_status%2Clanguages%2Ctags&f=analysisDate%2CleakPeriodDate&s=analysisDate&asc=false HTTP/1.1" 200 - "http://localhost:9000/projects?sort=-analysis_date" "Mozilla/5.0 (Windows NT 10.0; Win64; x64) AppleWebKit/537.36 (KHTML, like Gecko) Chrome/66.0.3359.181 Safari/537.36" "AWO18yZpdDWs6fI9AAAh"
0:0:0:0:0:0:0:1 - - [31/May/2018:16:59:17 +0530] "GET /api/settings/values?keys=sonar.lf.aboutText HTTP/1.1" 200 15 "http://localhost:9000/about" "Mozilla/5.0 (Windows NT 10.0; Win64; x64) AppleWebKit/537.36 (KHTML, like Gecko) Chrome/66.0.3359.181 Safari/537.36" "AWO18yZpdDWs6fI9AAAk"
0:0:0:0:0:0:0:1 - - [31/May/2018:16:59:17 +0530] "GET /api/issues/search?resolved=false&facets=types&ps=1&additionalFields=_all HTTP/1.1" 200 500 "http://localhost:9000/about" "Mozilla/5.0 (Windows NT 10.0; Win64; x64) AppleWebKit/537.36 (KHTML, like Gecko) Chrome/66.0.3359.181 Safari/537.36" "AWO18yZpdDWs6fI9AAAj"
0:0:0:0:0:0:0:1 - - [31/May/2018:16:59:17 +0530] "GET /api/components/search_projects?ps=1 HTTP/1.1" 200 77 "http://localhost:9000/about" "Mozilla/5.0 (Windows NT 10.0; Win64; x64) AppleWebKit/537.36 (KHTML, like Gecko) Chrome/66.0.3359.181 Safari/537.36" "AWO18yZpdDWs6fI9AAAi"
0:0:0:0:0:0:0:1 - - [31/May/2018:17:00:10 +0530] "GET /api/users/identity_providers HTTP/1.1" 200 24 "http://localhost:9000/sessions/new" "Mozilla/5.0 (Windows NT 10.0; Win64; x64) AppleWebKit/537.36 (KHTML, like Gecko) Chrome/66.0.3359.181 Safari/537.36" "AWO18yZpdDWs6fI9AAAl"
0:0:0:0:0:0:0:1 - - [31/May/2018:17:00:10 +0530] "GET /api/navigation/global HTTP/1.1" 200 577 "http://localhost:9000/sessions/new" "Mozilla/5.0 (Windows NT 10.0; Win64; x64) AppleWebKit/537.36 (KHTML, like Gecko) Chrome/66.0.3359.181 Safari/537.36" "AWO18yZpdDWs6fI9AAAm"
0:0:0:0:0:0:0:1 - - [31/May/2018:17:00:14 +0530] "POST /api/authentication/login HTTP/1.1" 200 - "http://localhost:9000/sessions/new" "Mozilla/5.0 (Windows NT 10.0; Win64; x64) AppleWebKit/537.36 (KHTML, like Gecko) Chrome/66.0.3359.181 Safari/537.36" "AWO18yZpdDWs6fI9AAAn"
0:0:0:0:0:0:0:1 - - [31/May/2018:17:00:14 +0530] "GET / HTTP/1.1" 200 - "http://localhost:9000/sessions/new" "Mozilla/5.0 (Windows NT 10.0; Win64; x64) AppleWebKit/537.36 (KHTML, like Gecko) Chrome/66.0.3359.181 Safari/537.36" "AWO18yZpdDWs6fI9AAAo"
0:0:0:0:0:0:0:1 - - [31/May/2018:17:00:15 +0530] "GET /api/l10n/index?locale=en-US&ts=2018-05-31T11%3A26%3A43%2B0000 HTTP/1.1" 304 - "http://localhost:9000/" "Mozilla/5.0 (Windows NT 10.0; Win64; x64) AppleWebKit/537.36 (KHTML, like Gecko) Chrome/66.0.3359.181 Safari/537.36" "AWO18yZpdDWs6fI9AAAp"
0:0:0:0:0:0:0:1 - - [31/May/2018:17:00:15 +0530] "GET /api/system/status HTTP/1.1" 200 67 "http://localhost:9000/" "Mozilla/5.0 (Windows NT 10.0; Win64; x64) AppleWebKit/537.36 (KHTML, like Gecko) Chrome/66.0.3359.181 Safari/537.36" "AWO18yZpdDWs6fI9AAAq"
0:0:0:0:0:0:0:1 - - [31/May/2018:17:00:15 +0530] "GET /api/users/current HTTP/1.1" 200 308 "http://localhost:9000/" "Mozilla/5.0 (Windows NT 10.0; Win64; x64) AppleWebKit/537.36 (KHTML, like Gecko) Chrome/66.0.3359.181 Safari/537.36" "AWO18yZpdDWs6fI9AAAr"
0:0:0:0:0:0:0:1 - - [31/May/2018:17:00:15 +0530] "GET /api/languages/list HTTP/1.1" 200 247 "http://localhost:9000/" "Mozilla/5.0 (Windows NT 10.0; Win64; x64) AppleWebKit/537.36 (KHTML, like Gecko) Chrome/66.0.3359.181 Safari/537.36" "AWO18yZpdDWs6fI9AAAt"
0:0:0:0:0:0:0:1 - - [31/May/2018:17:00:15 +0530] "GET /api/navigation/global HTTP/1.1" 200 576 "http://localhost:9000/" "Mozilla/5.0 (Windows NT 10.0; Win64; x64) AppleWebKit/537.36 (KHTML, like Gecko) Chrome/66.0.3359.181 Safari/537.36" "AWO18yZpdDWs6fI9AAAs"
0:0:0:0:0:0:0:1 - - [31/May/2018:17:00:15 +0530] "GET /api/components/search_projects?filter=isFavorite&ps=1 HTTP/1.1" 200 77 "http://localhost:9000/projects" "Mozilla/5.0 (Windows NT 10.0; Win64; x64) AppleWebKit/537.36 (KHTML, like Gecko) Chrome/66.0.3359.181 Safari/537.36" "AWO18yZpdDWs6fI9AAAu"
0:0:0:0:0:0:0:1 - - [31/May/2018:17:00:16 +0530] "GET /js/240.1157dc29.chunk.js HTTP/1.1" 200 - "http://localhost:9000/projects" "Mozilla/5.0 (Windows NT 10.0; Win64; x64) AppleWebKit/537.36 (KHTML, like Gecko) Chrome/66.0.3359.181 Safari/537.36" "AWO18yZpdDWs6fI9AAAv"
0:0:0:0:0:0:0:1 - - [31/May/2018:17:00:16 +0530] "GET /api/components/search_projects?ps=50&facets=reliability_rating%2Csecurity_rating%2Csqale_rating%2Ccoverage%2Cduplicated_lines_density%2Cncloc%2Calert_status%2Clanguages%2Ctags&f=analysisDate%2CleakPeriodDate HTTP/1.1" 200 - "http://localhost:9000/projects" "Mozilla/5.0 (Windows NT 10.0; Win64; x64) AppleWebKit/537.36 (KHTML, like Gecko) Chrome/66.0.3359.181 Safari/537.36" "AWO18yZpdDWs6fI9AAAw"
0:0:0:0:0:0:0:1 - - [31/May/2018:17:00:16 +0530] "GET /api/user_tokens/search?login=admin HTTP/1.1" 200 33 "http://localhost:9000/projects" "Mozilla/5.0 (Windows NT 10.0; Win64; x64) AppleWebKit/537.36 (KHTML, like Gecko) Chrome/66.0.3359.181 Safari/537.36" "AWO18yZpdDWs6fI9AAAx"
0:0:0:0:0:0:0:1 - - [31/May/2018:17:00:36 +0530] "POST /api/user_tokens/generate HTTP/1.1" 200 85 "http://localhost:9000/projects" "Mozilla/5.0 (Windows NT 10.0; Win64; x64) AppleWebKit/537.36 (KHTML, like Gecko) Chrome/66.0.3359.181 Safari/537.36" "AWO18yZpdDWs6fI9AAAy"
