2018.05.31 16:55:30 INFO  es[][o.e.n.Node] initializing ...
2018.05.31 16:55:30 INFO  es[][o.e.e.NodeEnvironment] using [1] data paths, mounts [[Data (D:)]], net usable_space [14.1gb], net total_space [119.2gb], spins? [unknown], types [NTFS]
2018.05.31 16:55:30 INFO  es[][o.e.e.NodeEnvironment] heap size [494.9mb], compressed ordinary object pointers [true]
2018.05.31 16:55:30 INFO  es[][o.e.n.Node] node name [sonarqube], node ID [WU1W_k49Ty6K9yMTAqpq0w]
2018.05.31 16:55:30 INFO  es[][o.e.n.Node] version[5.6.3], pid[3792], build[1a2f265/2017-10-06T20:33:39.012Z], OS[Windows 10/10.0/amd64], JVM[Oracle Corporation/Java HotSpot(TM) 64-Bit Server VM/1.8.0_172/25.172-b11]
2018.05.31 16:55:30 INFO  es[][o.e.n.Node] JVM arguments [-XX:+UseConcMarkSweepGC, -XX:CMSInitiatingOccupancyFraction=75, -XX:+UseCMSInitiatingOccupancyOnly, -XX:+AlwaysPreTouch, -Xss1m, -Djava.awt.headless=true, -Dfile.encoding=UTF-8, -Djna.nosys=true, -Djdk.io.permissionsUseCanonicalPath=true, -Dio.netty.noUnsafe=true, -Dio.netty.noKeySetOptimization=true, -Dio.netty.recycler.maxCapacityPerThread=0, -Dlog4j.shutdownHookEnabled=false, -Dlog4j2.disable.jmx=true, -Dlog4j.skipJansi=true, -Xms512m, -Xmx512m, -XX:+HeapDumpOnOutOfMemoryError, -Delasticsearch, -Des.path.home=D:\Devcon_release\2.4.0\Devon-dist_2.4.0\software\sonarqube\elasticsearch]
2018.05.31 16:55:31 INFO  es[][o.e.p.PluginsService] loaded module [aggs-matrix-stats]
2018.05.31 16:55:31 INFO  es[][o.e.p.PluginsService] loaded module [ingest-common]
2018.05.31 16:55:31 INFO  es[][o.e.p.PluginsService] loaded module [parent-join]
2018.05.31 16:55:31 INFO  es[][o.e.p.PluginsService] loaded module [percolator]
2018.05.31 16:55:31 INFO  es[][o.e.p.PluginsService] loaded module [reindex]
2018.05.31 16:55:31 INFO  es[][o.e.p.PluginsService] loaded module [transport-netty4]
2018.05.31 16:55:31 INFO  es[][o.e.p.PluginsService] no plugins loaded
2018.05.31 16:55:34 INFO  es[][o.e.d.DiscoveryModule] using discovery type [zen]
2018.05.31 16:55:34 INFO  es[][o.e.n.Node] initialized
2018.05.31 16:55:34 INFO  es[][o.e.n.Node] starting ...
2018.05.31 16:55:35 INFO  es[][o.e.t.TransportService] publish_address {127.0.0.1:9001}, bound_addresses {127.0.0.1:9001}
2018.05.31 16:55:38 INFO  es[][o.e.c.s.ClusterService] new_master {sonarqube}{WU1W_k49Ty6K9yMTAqpq0w}{0JYFlSeJSCmAKBDOnJQEsg}{127.0.0.1}{127.0.0.1:9001}{rack_id=sonarqube}, reason: zen-disco-elected-as-master ([0] nodes joined)
2018.05.31 16:55:38 INFO  es[][o.e.n.Node] started
2018.05.31 16:55:38 INFO  es[][o.e.g.GatewayService] recovered [0] indices into cluster_state
2018.05.31 16:55:53 INFO  es[][o.e.c.m.MetaDataCreateIndexService] [metadatas] creating index, cause [api], templates [], shards [1]/[0], mappings []
2018.05.31 16:55:54 INFO  es[][o.e.c.r.a.AllocationService] Cluster health status changed from [YELLOW] to [GREEN] (reason: [shards started [[metadatas][0]] ...]).
2018.05.31 16:55:54 INFO  es[][o.e.c.m.MetaDataMappingService] [metadatas/JWf0Bk3WSym8963ize5dWA] create_mapping [metadata]
2018.05.31 16:55:55 INFO  es[][o.e.c.m.MetaDataCreateIndexService] [components] creating index, cause [api], templates [], shards [5]/[0], mappings []
2018.05.31 16:55:55 INFO  es[][o.e.c.r.a.AllocationService] Cluster health status changed from [YELLOW] to [GREEN] (reason: [shards started [[components][4]] ...]).
2018.05.31 16:55:56 INFO  es[][o.e.c.m.MetaDataMappingService] [components/AI55DMShSpWegiZDIfL0VA] create_mapping [component]
2018.05.31 16:55:56 INFO  es[][o.e.c.m.MetaDataMappingService] [components/AI55DMShSpWegiZDIfL0VA] create_mapping [authorization]
2018.05.31 16:55:56 INFO  es[][o.e.c.m.MetaDataCreateIndexService] [tests] creating index, cause [api], templates [], shards [5]/[0], mappings []
2018.05.31 16:55:56 INFO  es[][o.e.c.r.a.AllocationService] Cluster health status changed from [YELLOW] to [GREEN] (reason: [shards started [[tests][4]] ...]).
2018.05.31 16:55:56 INFO  es[][o.e.c.m.MetaDataMappingService] [tests/15OBg9PRQA2m_8yPT_Me_w] create_mapping [test]
2018.05.31 16:55:56 INFO  es[][o.e.c.m.MetaDataCreateIndexService] [projectmeasures] creating index, cause [api], templates [], shards [5]/[0], mappings []
2018.05.31 16:55:57 INFO  es[][o.e.c.r.a.AllocationService] Cluster health status changed from [YELLOW] to [GREEN] (reason: [shards started [[projectmeasures][4]] ...]).
2018.05.31 16:55:57 INFO  es[][o.e.c.m.MetaDataMappingService] [projectmeasures/EvAb-qmAQRKxeE-yyidxXQ] create_mapping [projectmeasure]
2018.05.31 16:55:57 INFO  es[][o.e.c.m.MetaDataMappingService] [projectmeasures/EvAb-qmAQRKxeE-yyidxXQ] create_mapping [authorization]
2018.05.31 16:55:57 INFO  es[][o.e.c.m.MetaDataCreateIndexService] [rules] creating index, cause [api], templates [], shards [2]/[0], mappings []
2018.05.31 16:55:57 INFO  es[][o.e.c.r.a.AllocationService] Cluster health status changed from [YELLOW] to [GREEN] (reason: [shards started [[rules][0]] ...]).
2018.05.31 16:55:58 INFO  es[][o.e.c.m.MetaDataMappingService] [rules/8KIZX_qiQ6OqrFo53JpctA] create_mapping [activeRule]
2018.05.31 16:55:58 INFO  es[][o.e.c.m.MetaDataMappingService] [rules/8KIZX_qiQ6OqrFo53JpctA] create_mapping [ruleExtension]
2018.05.31 16:55:58 INFO  es[][o.e.c.m.MetaDataMappingService] [rules/8KIZX_qiQ6OqrFo53JpctA] create_mapping [rule]
2018.05.31 16:55:58 INFO  es[][o.e.c.m.MetaDataCreateIndexService] [issues] creating index, cause [api], templates [], shards [5]/[0], mappings []
2018.05.31 16:55:58 INFO  es[][o.e.c.r.a.AllocationService] Cluster health status changed from [YELLOW] to [GREEN] (reason: [shards started [[issues][4]] ...]).
2018.05.31 16:55:58 INFO  es[][o.e.c.m.MetaDataMappingService] [issues/7WbxBX0oS1u3BNemGUS74A] create_mapping [issue]
2018.05.31 16:55:58 INFO  es[][o.e.c.m.MetaDataMappingService] [issues/7WbxBX0oS1u3BNemGUS74A] create_mapping [authorization]
2018.05.31 16:55:58 INFO  es[][o.e.c.m.MetaDataCreateIndexService] [users] creating index, cause [api], templates [], shards [1]/[0], mappings []
2018.05.31 16:55:58 INFO  es[][o.e.c.r.a.AllocationService] Cluster health status changed from [YELLOW] to [GREEN] (reason: [shards started [[users][0]] ...]).
2018.05.31 16:55:58 INFO  es[][o.e.c.m.MetaDataMappingService] [users/-pjVq9aIR0OzQuYN-U0Gtw] create_mapping [user]
2018.05.31 16:55:59 INFO  es[][o.e.c.m.MetaDataCreateIndexService] [views] creating index, cause [api], templates [], shards [5]/[0], mappings []
2018.05.31 16:55:59 INFO  es[][o.e.c.r.a.AllocationService] Cluster health status changed from [YELLOW] to [GREEN] (reason: [shards started [[views][4]] ...]).
2018.05.31 16:55:59 INFO  es[][o.e.c.m.MetaDataMappingService] [views/krtYS_MRSeqsXTa7gFffig] create_mapping [view]
2018.05.31 16:56:09 INFO  es[][o.e.c.r.a.DiskThresholdMonitor] low disk watermark [85%] exceeded on [WU1W_k49Ty6K9yMTAqpq0w][sonarqube][D:\Devcon_release\2.4.0\Devon-dist_2.4.0\software\sonarqube\data\es5\nodes\0] free: 14gb[11.8%], replicas will not be assigned to this node
2018.05.31 16:56:22 INFO  es[][o.e.c.s.IndexScopedSettings] updating [index.refresh_interval] from [30s] to [-1]
2018.05.31 16:56:22 INFO  es[][o.e.c.s.IndexScopedSettings] updating [index.refresh_interval] from [30s] to [-1]
2018.05.31 16:56:22 INFO  es[][o.e.c.s.IndexScopedSettings] updating [index.refresh_interval] from [-1] to [30s]
2018.05.31 16:56:22 INFO  es[][o.e.c.s.IndexScopedSettings] updating [index.refresh_interval] from [-1] to [30s]
2018.05.31 16:56:22 INFO  es[][o.e.c.s.IndexScopedSettings] updating [index.refresh_interval] from [30s] to [-1]
2018.05.31 16:56:22 INFO  es[][o.e.c.s.IndexScopedSettings] updating [index.refresh_interval] from [30s] to [-1]
2018.05.31 16:56:22 INFO  es[][o.e.c.s.IndexScopedSettings] updating [index.refresh_interval] from [-1] to [30s]
2018.05.31 16:56:22 INFO  es[][o.e.c.s.IndexScopedSettings] updating [index.refresh_interval] from [-1] to [30s]
2018.05.31 16:56:40 INFO  es[][o.e.c.r.a.DiskThresholdMonitor] low disk watermark [85%] exceeded on [WU1W_k49Ty6K9yMTAqpq0w][sonarqube][D:\Devcon_release\2.4.0\Devon-dist_2.4.0\software\sonarqube\data\es5\nodes\0] free: 14gb[11.7%], replicas will not be assigned to this node
2018.05.31 16:57:10 INFO  es[][o.e.c.r.a.DiskThresholdMonitor] low disk watermark [85%] exceeded on [WU1W_k49Ty6K9yMTAqpq0w][sonarqube][D:\Devcon_release\2.4.0\Devon-dist_2.4.0\software\sonarqube\data\es5\nodes\0] free: 14gb[11.7%], replicas will not be assigned to this node
2018.05.31 16:57:40 INFO  es[][o.e.c.r.a.DiskThresholdMonitor] low disk watermark [85%] exceeded on [WU1W_k49Ty6K9yMTAqpq0w][sonarqube][D:\Devcon_release\2.4.0\Devon-dist_2.4.0\software\sonarqube\data\es5\nodes\0] free: 14gb[11.7%], replicas will not be assigned to this node
2018.05.31 16:58:11 INFO  es[][o.e.c.r.a.DiskThresholdMonitor] low disk watermark [85%] exceeded on [WU1W_k49Ty6K9yMTAqpq0w][sonarqube][D:\Devcon_release\2.4.0\Devon-dist_2.4.0\software\sonarqube\data\es5\nodes\0] free: 14gb[11.7%], replicas will not be assigned to this node
2018.05.31 16:58:41 INFO  es[][o.e.c.r.a.DiskThresholdMonitor] low disk watermark [85%] exceeded on [WU1W_k49Ty6K9yMTAqpq0w][sonarqube][D:\Devcon_release\2.4.0\Devon-dist_2.4.0\software\sonarqube\data\es5\nodes\0] free: 14gb[11.7%], replicas will not be assigned to this node
2018.05.31 16:59:11 INFO  es[][o.e.c.r.a.DiskThresholdMonitor] low disk watermark [85%] exceeded on [WU1W_k49Ty6K9yMTAqpq0w][sonarqube][D:\Devcon_release\2.4.0\Devon-dist_2.4.0\software\sonarqube\data\es5\nodes\0] free: 14gb[11.7%], replicas will not be assigned to this node
2018.05.31 16:59:41 INFO  es[][o.e.c.r.a.DiskThresholdMonitor] low disk watermark [85%] exceeded on [WU1W_k49Ty6K9yMTAqpq0w][sonarqube][D:\Devcon_release\2.4.0\Devon-dist_2.4.0\software\sonarqube\data\es5\nodes\0] free: 14gb[11.7%], replicas will not be assigned to this node
2018.05.31 17:00:12 INFO  es[][o.e.c.r.a.DiskThresholdMonitor] low disk watermark [85%] exceeded on [WU1W_k49Ty6K9yMTAqpq0w][sonarqube][D:\Devcon_release\2.4.0\Devon-dist_2.4.0\software\sonarqube\data\es5\nodes\0] free: 14gb[11.7%], replicas will not be assigned to this node
2018.05.31 17:00:42 INFO  es[][o.e.c.r.a.DiskThresholdMonitor] low disk watermark [85%] exceeded on [WU1W_k49Ty6K9yMTAqpq0w][sonarqube][D:\Devcon_release\2.4.0\Devon-dist_2.4.0\software\sonarqube\data\es5\nodes\0] free: 14gb[11.7%], replicas will not be assigned to this node
2018.05.31 17:01:12 INFO  es[][o.e.c.r.a.DiskThresholdMonitor] low disk watermark [85%] exceeded on [WU1W_k49Ty6K9yMTAqpq0w][sonarqube][D:\Devcon_release\2.4.0\Devon-dist_2.4.0\software\sonarqube\data\es5\nodes\0] free: 14gb[11.7%], replicas will not be assigned to this node
2018.05.31 17:01:43 INFO  es[][o.e.c.r.a.DiskThresholdMonitor] low disk watermark [85%] exceeded on [WU1W_k49Ty6K9yMTAqpq0w][sonarqube][D:\Devcon_release\2.4.0\Devon-dist_2.4.0\software\sonarqube\data\es5\nodes\0] free: 14gb[11.7%], replicas will not be assigned to this node
2018.05.31 17:02:13 INFO  es[][o.e.c.r.a.DiskThresholdMonitor] low disk watermark [85%] exceeded on [WU1W_k49Ty6K9yMTAqpq0w][sonarqube][D:\Devcon_release\2.4.0\Devon-dist_2.4.0\software\sonarqube\data\es5\nodes\0] free: 14gb[11.7%], replicas will not be assigned to this node
2018.05.31 17:02:43 INFO  es[][o.e.c.r.a.DiskThresholdMonitor] low disk watermark [85%] exceeded on [WU1W_k49Ty6K9yMTAqpq0w][sonarqube][D:\Devcon_release\2.4.0\Devon-dist_2.4.0\software\sonarqube\data\es5\nodes\0] free: 14gb[11.7%], replicas will not be assigned to this node
2018.05.31 17:03:13 INFO  es[][o.e.c.r.a.DiskThresholdMonitor] low disk watermark [85%] exceeded on [WU1W_k49Ty6K9yMTAqpq0w][sonarqube][D:\Devcon_release\2.4.0\Devon-dist_2.4.0\software\sonarqube\data\es5\nodes\0] free: 14gb[11.7%], replicas will not be assigned to this node
2018.05.31 17:03:44 INFO  es[][o.e.c.r.a.DiskThresholdMonitor] low disk watermark [85%] exceeded on [WU1W_k49Ty6K9yMTAqpq0w][sonarqube][D:\Devcon_release\2.4.0\Devon-dist_2.4.0\software\sonarqube\data\es5\nodes\0] free: 13.9gb[11.6%], replicas will not be assigned to this node
2018.05.31 17:04:14 INFO  es[][o.e.c.r.a.DiskThresholdMonitor] low disk watermark [85%] exceeded on [WU1W_k49Ty6K9yMTAqpq0w][sonarqube][D:\Devcon_release\2.4.0\Devon-dist_2.4.0\software\sonarqube\data\es5\nodes\0] free: 13.9gb[11.6%], replicas will not be assigned to this node
2018.05.31 17:04:44 INFO  es[][o.e.c.r.a.DiskThresholdMonitor] low disk watermark [85%] exceeded on [WU1W_k49Ty6K9yMTAqpq0w][sonarqube][D:\Devcon_release\2.4.0\Devon-dist_2.4.0\software\sonarqube\data\es5\nodes\0] free: 13.9gb[11.6%], replicas will not be assigned to this node
2018.05.31 17:05:14 INFO  es[][o.e.c.r.a.DiskThresholdMonitor] low disk watermark [85%] exceeded on [WU1W_k49Ty6K9yMTAqpq0w][sonarqube][D:\Devcon_release\2.4.0\Devon-dist_2.4.0\software\sonarqube\data\es5\nodes\0] free: 13.9gb[11.6%], replicas will not be assigned to this node
2018.05.31 17:05:45 INFO  es[][o.e.c.r.a.DiskThresholdMonitor] low disk watermark [85%] exceeded on [WU1W_k49Ty6K9yMTAqpq0w][sonarqube][D:\Devcon_release\2.4.0\Devon-dist_2.4.0\software\sonarqube\data\es5\nodes\0] free: 13.9gb[11.6%], replicas will not be assigned to this node
2018.05.31 17:06:15 INFO  es[][o.e.c.r.a.DiskThresholdMonitor] low disk watermark [85%] exceeded on [WU1W_k49Ty6K9yMTAqpq0w][sonarqube][D:\Devcon_release\2.4.0\Devon-dist_2.4.0\software\sonarqube\data\es5\nodes\0] free: 14gb[11.7%], replicas will not be assigned to this node
2018.05.31 17:06:46 INFO  es[][o.e.c.r.a.DiskThresholdMonitor] low disk watermark [85%] exceeded on [WU1W_k49Ty6K9yMTAqpq0w][sonarqube][D:\Devcon_release\2.4.0\Devon-dist_2.4.0\software\sonarqube\data\es5\nodes\0] free: 14gb[11.7%], replicas will not be assigned to this node
2018.05.31 17:07:16 INFO  es[][o.e.c.r.a.DiskThresholdMonitor] low disk watermark [85%] exceeded on [WU1W_k49Ty6K9yMTAqpq0w][sonarqube][D:\Devcon_release\2.4.0\Devon-dist_2.4.0\software\sonarqube\data\es5\nodes\0] free: 14gb[11.7%], replicas will not be assigned to this node
2018.05.31 17:07:46 INFO  es[][o.e.c.r.a.DiskThresholdMonitor] low disk watermark [85%] exceeded on [WU1W_k49Ty6K9yMTAqpq0w][sonarqube][D:\Devcon_release\2.4.0\Devon-dist_2.4.0\software\sonarqube\data\es5\nodes\0] free: 14gb[11.7%], replicas will not be assigned to this node
2018.05.31 17:08:16 INFO  es[][o.e.c.r.a.DiskThresholdMonitor] low disk watermark [85%] exceeded on [WU1W_k49Ty6K9yMTAqpq0w][sonarqube][D:\Devcon_release\2.4.0\Devon-dist_2.4.0\software\sonarqube\data\es5\nodes\0] free: 14gb[11.7%], replicas will not be assigned to this node
2018.05.31 17:08:47 INFO  es[][o.e.c.r.a.DiskThresholdMonitor] low disk watermark [85%] exceeded on [WU1W_k49Ty6K9yMTAqpq0w][sonarqube][D:\Devcon_release\2.4.0\Devon-dist_2.4.0\software\sonarqube\data\es5\nodes\0] free: 14gb[11.7%], replicas will not be assigned to this node
2018.05.31 17:09:17 INFO  es[][o.e.c.r.a.DiskThresholdMonitor] low disk watermark [85%] exceeded on [WU1W_k49Ty6K9yMTAqpq0w][sonarqube][D:\Devcon_release\2.4.0\Devon-dist_2.4.0\software\sonarqube\data\es5\nodes\0] free: 14gb[11.7%], replicas will not be assigned to this node
2018.05.31 17:09:48 INFO  es[][o.e.c.r.a.DiskThresholdMonitor] low disk watermark [85%] exceeded on [WU1W_k49Ty6K9yMTAqpq0w][sonarqube][D:\Devcon_release\2.4.0\Devon-dist_2.4.0\software\sonarqube\data\es5\nodes\0] free: 14gb[11.7%], replicas will not be assigned to this node
2018.05.31 17:10:18 INFO  es[][o.e.c.r.a.DiskThresholdMonitor] low disk watermark [85%] exceeded on [WU1W_k49Ty6K9yMTAqpq0w][sonarqube][D:\Devcon_release\2.4.0\Devon-dist_2.4.0\software\sonarqube\data\es5\nodes\0] free: 14gb[11.7%], replicas will not be assigned to this node
2018.05.31 17:10:48 INFO  es[][o.e.c.r.a.DiskThresholdMonitor] low disk watermark [85%] exceeded on [WU1W_k49Ty6K9yMTAqpq0w][sonarqube][D:\Devcon_release\2.4.0\Devon-dist_2.4.0\software\sonarqube\data\es5\nodes\0] free: 14gb[11.7%], replicas will not be assigned to this node
2018.05.31 17:11:18 INFO  es[][o.e.c.r.a.DiskThresholdMonitor] low disk watermark [85%] exceeded on [WU1W_k49Ty6K9yMTAqpq0w][sonarqube][D:\Devcon_release\2.4.0\Devon-dist_2.4.0\software\sonarqube\data\es5\nodes\0] free: 14gb[11.7%], replicas will not be assigned to this node
2018.05.31 17:11:49 INFO  es[][o.e.c.r.a.DiskThresholdMonitor] low disk watermark [85%] exceeded on [WU1W_k49Ty6K9yMTAqpq0w][sonarqube][D:\Devcon_release\2.4.0\Devon-dist_2.4.0\software\sonarqube\data\es5\nodes\0] free: 14gb[11.7%], replicas will not be assigned to this node
2018.05.31 17:12:19 INFO  es[][o.e.c.r.a.DiskThresholdMonitor] low disk watermark [85%] exceeded on [WU1W_k49Ty6K9yMTAqpq0w][sonarqube][D:\Devcon_release\2.4.0\Devon-dist_2.4.0\software\sonarqube\data\es5\nodes\0] free: 14gb[11.7%], replicas will not be assigned to this node
2018.05.31 17:12:49 INFO  es[][o.e.c.r.a.DiskThresholdMonitor] low disk watermark [85%] exceeded on [WU1W_k49Ty6K9yMTAqpq0w][sonarqube][D:\Devcon_release\2.4.0\Devon-dist_2.4.0\software\sonarqube\data\es5\nodes\0] free: 14gb[11.7%], replicas will not be assigned to this node
2018.05.31 17:13:20 INFO  es[][o.e.c.r.a.DiskThresholdMonitor] low disk watermark [85%] exceeded on [WU1W_k49Ty6K9yMTAqpq0w][sonarqube][D:\Devcon_release\2.4.0\Devon-dist_2.4.0\software\sonarqube\data\es5\nodes\0] free: 14gb[11.7%], replicas will not be assigned to this node
2018.05.31 17:13:50 INFO  es[][o.e.c.r.a.DiskThresholdMonitor] low disk watermark [85%] exceeded on [WU1W_k49Ty6K9yMTAqpq0w][sonarqube][D:\Devcon_release\2.4.0\Devon-dist_2.4.0\software\sonarqube\data\es5\nodes\0] free: 14gb[11.7%], replicas will not be assigned to this node
2018.05.31 17:14:20 INFO  es[][o.e.c.r.a.DiskThresholdMonitor] low disk watermark [85%] exceeded on [WU1W_k49Ty6K9yMTAqpq0w][sonarqube][D:\Devcon_release\2.4.0\Devon-dist_2.4.0\software\sonarqube\data\es5\nodes\0] free: 14gb[11.7%], replicas will not be assigned to this node
2018.05.31 17:14:50 INFO  es[][o.e.c.r.a.DiskThresholdMonitor] low disk watermark [85%] exceeded on [WU1W_k49Ty6K9yMTAqpq0w][sonarqube][D:\Devcon_release\2.4.0\Devon-dist_2.4.0\software\sonarqube\data\es5\nodes\0] free: 14gb[11.7%], replicas will not be assigned to this node
2018.05.31 17:15:21 INFO  es[][o.e.c.r.a.DiskThresholdMonitor] low disk watermark [85%] exceeded on [WU1W_k49Ty6K9yMTAqpq0w][sonarqube][D:\Devcon_release\2.4.0\Devon-dist_2.4.0\software\sonarqube\data\es5\nodes\0] free: 14gb[11.7%], replicas will not be assigned to this node
2018.05.31 17:15:51 INFO  es[][o.e.c.r.a.DiskThresholdMonitor] low disk watermark [85%] exceeded on [WU1W_k49Ty6K9yMTAqpq0w][sonarqube][D:\Devcon_release\2.4.0\Devon-dist_2.4.0\software\sonarqube\data\es5\nodes\0] free: 14gb[11.7%], replicas will not be assigned to this node
2018.05.31 17:16:21 INFO  es[][o.e.c.r.a.DiskThresholdMonitor] low disk watermark [85%] exceeded on [WU1W_k49Ty6K9yMTAqpq0w][sonarqube][D:\Devcon_release\2.4.0\Devon-dist_2.4.0\software\sonarqube\data\es5\nodes\0] free: 14gb[11.7%], replicas will not be assigned to this node
2018.05.31 17:16:52 INFO  es[][o.e.c.r.a.DiskThresholdMonitor] low disk watermark [85%] exceeded on [WU1W_k49Ty6K9yMTAqpq0w][sonarqube][D:\Devcon_release\2.4.0\Devon-dist_2.4.0\software\sonarqube\data\es5\nodes\0] free: 14gb[11.7%], replicas will not be assigned to this node
2018.05.31 17:17:22 INFO  es[][o.e.c.r.a.DiskThresholdMonitor] low disk watermark [85%] exceeded on [WU1W_k49Ty6K9yMTAqpq0w][sonarqube][D:\Devcon_release\2.4.0\Devon-dist_2.4.0\software\sonarqube\data\es5\nodes\0] free: 14gb[11.7%], replicas will not be assigned to this node
2018.05.31 17:17:52 INFO  es[][o.e.c.r.a.DiskThresholdMonitor] low disk watermark [85%] exceeded on [WU1W_k49Ty6K9yMTAqpq0w][sonarqube][D:\Devcon_release\2.4.0\Devon-dist_2.4.0\software\sonarqube\data\es5\nodes\0] free: 14gb[11.7%], replicas will not be assigned to this node
2018.05.31 17:18:23 INFO  es[][o.e.c.r.a.DiskThresholdMonitor] low disk watermark [85%] exceeded on [WU1W_k49Ty6K9yMTAqpq0w][sonarqube][D:\Devcon_release\2.4.0\Devon-dist_2.4.0\software\sonarqube\data\es5\nodes\0] free: 14gb[11.7%], replicas will not be assigned to this node
2018.05.31 17:18:53 INFO  es[][o.e.c.r.a.DiskThresholdMonitor] low disk watermark [85%] exceeded on [WU1W_k49Ty6K9yMTAqpq0w][sonarqube][D:\Devcon_release\2.4.0\Devon-dist_2.4.0\software\sonarqube\data\es5\nodes\0] free: 14gb[11.7%], replicas will not be assigned to this node
2018.05.31 17:19:23 INFO  es[][o.e.c.r.a.DiskThresholdMonitor] low disk watermark [85%] exceeded on [WU1W_k49Ty6K9yMTAqpq0w][sonarqube][D:\Devcon_release\2.4.0\Devon-dist_2.4.0\software\sonarqube\data\es5\nodes\0] free: 14gb[11.7%], replicas will not be assigned to this node
2018.05.31 17:19:53 INFO  es[][o.e.c.r.a.DiskThresholdMonitor] low disk watermark [85%] exceeded on [WU1W_k49Ty6K9yMTAqpq0w][sonarqube][D:\Devcon_release\2.4.0\Devon-dist_2.4.0\software\sonarqube\data\es5\nodes\0] free: 14gb[11.7%], replicas will not be assigned to this node
2018.05.31 17:20:23 INFO  es[][o.e.c.r.a.DiskThresholdMonitor] low disk watermark [85%] exceeded on [WU1W_k49Ty6K9yMTAqpq0w][sonarqube][D:\Devcon_release\2.4.0\Devon-dist_2.4.0\software\sonarqube\data\es5\nodes\0] free: 14gb[11.7%], replicas will not be assigned to this node
2018.05.31 17:20:54 INFO  es[][o.e.c.r.a.DiskThresholdMonitor] low disk watermark [85%] exceeded on [WU1W_k49Ty6K9yMTAqpq0w][sonarqube][D:\Devcon_release\2.4.0\Devon-dist_2.4.0\software\sonarqube\data\es5\nodes\0] free: 14gb[11.7%], replicas will not be assigned to this node
2018.05.31 17:21:24 INFO  es[][o.e.c.r.a.DiskThresholdMonitor] low disk watermark [85%] exceeded on [WU1W_k49Ty6K9yMTAqpq0w][sonarqube][D:\Devcon_release\2.4.0\Devon-dist_2.4.0\software\sonarqube\data\es5\nodes\0] free: 14gb[11.7%], replicas will not be assigned to this node
2018.05.31 17:21:54 INFO  es[][o.e.c.r.a.DiskThresholdMonitor] low disk watermark [85%] exceeded on [WU1W_k49Ty6K9yMTAqpq0w][sonarqube][D:\Devcon_release\2.4.0\Devon-dist_2.4.0\software\sonarqube\data\es5\nodes\0] free: 14gb[11.7%], replicas will not be assigned to this node
2018.05.31 17:22:25 INFO  es[][o.e.c.r.a.DiskThresholdMonitor] low disk watermark [85%] exceeded on [WU1W_k49Ty6K9yMTAqpq0w][sonarqube][D:\Devcon_release\2.4.0\Devon-dist_2.4.0\software\sonarqube\data\es5\nodes\0] free: 14gb[11.7%], replicas will not be assigned to this node
2018.05.31 17:22:55 INFO  es[][o.e.c.r.a.DiskThresholdMonitor] low disk watermark [85%] exceeded on [WU1W_k49Ty6K9yMTAqpq0w][sonarqube][D:\Devcon_release\2.4.0\Devon-dist_2.4.0\software\sonarqube\data\es5\nodes\0] free: 14gb[11.7%], replicas will not be assigned to this node
2018.05.31 17:23:25 INFO  es[][o.e.c.r.a.DiskThresholdMonitor] low disk watermark [85%] exceeded on [WU1W_k49Ty6K9yMTAqpq0w][sonarqube][D:\Devcon_release\2.4.0\Devon-dist_2.4.0\software\sonarqube\data\es5\nodes\0] free: 14gb[11.7%], replicas will not be assigned to this node
2018.05.31 17:23:55 INFO  es[][o.e.c.r.a.DiskThresholdMonitor] low disk watermark [85%] exceeded on [WU1W_k49Ty6K9yMTAqpq0w][sonarqube][D:\Devcon_release\2.4.0\Devon-dist_2.4.0\software\sonarqube\data\es5\nodes\0] free: 14gb[11.7%], replicas will not be assigned to this node
2018.05.31 17:24:26 INFO  es[][o.e.c.r.a.DiskThresholdMonitor] low disk watermark [85%] exceeded on [WU1W_k49Ty6K9yMTAqpq0w][sonarqube][D:\Devcon_release\2.4.0\Devon-dist_2.4.0\software\sonarqube\data\es5\nodes\0] free: 14gb[11.7%], replicas will not be assigned to this node
2018.05.31 17:24:56 INFO  es[][o.e.c.r.a.DiskThresholdMonitor] low disk watermark [85%] exceeded on [WU1W_k49Ty6K9yMTAqpq0w][sonarqube][D:\Devcon_release\2.4.0\Devon-dist_2.4.0\software\sonarqube\data\es5\nodes\0] free: 14gb[11.7%], replicas will not be assigned to this node
2018.05.31 17:25:26 INFO  es[][o.e.c.r.a.DiskThresholdMonitor] low disk watermark [85%] exceeded on [WU1W_k49Ty6K9yMTAqpq0w][sonarqube][D:\Devcon_release\2.4.0\Devon-dist_2.4.0\software\sonarqube\data\es5\nodes\0] free: 14gb[11.7%], replicas will not be assigned to this node
2018.05.31 17:25:56 INFO  es[][o.e.c.r.a.DiskThresholdMonitor] low disk watermark [85%] exceeded on [WU1W_k49Ty6K9yMTAqpq0w][sonarqube][D:\Devcon_release\2.4.0\Devon-dist_2.4.0\software\sonarqube\data\es5\nodes\0] free: 14gb[11.7%], replicas will not be assigned to this node
2018.05.31 17:26:27 INFO  es[][o.e.c.r.a.DiskThresholdMonitor] low disk watermark [85%] exceeded on [WU1W_k49Ty6K9yMTAqpq0w][sonarqube][D:\Devcon_release\2.4.0\Devon-dist_2.4.0\software\sonarqube\data\es5\nodes\0] free: 14gb[11.7%], replicas will not be assigned to this node
2018.05.31 17:26:57 INFO  es[][o.e.c.r.a.DiskThresholdMonitor] low disk watermark [85%] exceeded on [WU1W_k49Ty6K9yMTAqpq0w][sonarqube][D:\Devcon_release\2.4.0\Devon-dist_2.4.0\software\sonarqube\data\es5\nodes\0] free: 14gb[11.7%], replicas will not be assigned to this node
2018.05.31 17:27:27 INFO  es[][o.e.c.r.a.DiskThresholdMonitor] low disk watermark [85%] exceeded on [WU1W_k49Ty6K9yMTAqpq0w][sonarqube][D:\Devcon_release\2.4.0\Devon-dist_2.4.0\software\sonarqube\data\es5\nodes\0] free: 14gb[11.7%], replicas will not be assigned to this node
2018.05.31 17:27:57 INFO  es[][o.e.c.r.a.DiskThresholdMonitor] low disk watermark [85%] exceeded on [WU1W_k49Ty6K9yMTAqpq0w][sonarqube][D:\Devcon_release\2.4.0\Devon-dist_2.4.0\software\sonarqube\data\es5\nodes\0] free: 14gb[11.7%], replicas will not be assigned to this node
2018.05.31 17:28:28 INFO  es[][o.e.c.r.a.DiskThresholdMonitor] low disk watermark [85%] exceeded on [WU1W_k49Ty6K9yMTAqpq0w][sonarqube][D:\Devcon_release\2.4.0\Devon-dist_2.4.0\software\sonarqube\data\es5\nodes\0] free: 14gb[11.7%], replicas will not be assigned to this node
2018.05.31 17:28:58 INFO  es[][o.e.c.r.a.DiskThresholdMonitor] low disk watermark [85%] exceeded on [WU1W_k49Ty6K9yMTAqpq0w][sonarqube][D:\Devcon_release\2.4.0\Devon-dist_2.4.0\software\sonarqube\data\es5\nodes\0] free: 14gb[11.7%], replicas will not be assigned to this node
2018.05.31 17:29:28 INFO  es[][o.e.c.r.a.DiskThresholdMonitor] low disk watermark [85%] exceeded on [WU1W_k49Ty6K9yMTAqpq0w][sonarqube][D:\Devcon_release\2.4.0\Devon-dist_2.4.0\software\sonarqube\data\es5\nodes\0] free: 14gb[11.7%], replicas will not be assigned to this node
2018.05.31 17:29:58 INFO  es[][o.e.c.r.a.DiskThresholdMonitor] low disk watermark [85%] exceeded on [WU1W_k49Ty6K9yMTAqpq0w][sonarqube][D:\Devcon_release\2.4.0\Devon-dist_2.4.0\software\sonarqube\data\es5\nodes\0] free: 14gb[11.7%], replicas will not be assigned to this node
2018.05.31 17:30:28 INFO  es[][o.e.c.r.a.DiskThresholdMonitor] low disk watermark [85%] exceeded on [WU1W_k49Ty6K9yMTAqpq0w][sonarqube][D:\Devcon_release\2.4.0\Devon-dist_2.4.0\software\sonarqube\data\es5\nodes\0] free: 14gb[11.7%], replicas will not be assigned to this node
2018.05.31 17:30:59 INFO  es[][o.e.c.r.a.DiskThresholdMonitor] low disk watermark [85%] exceeded on [WU1W_k49Ty6K9yMTAqpq0w][sonarqube][D:\Devcon_release\2.4.0\Devon-dist_2.4.0\software\sonarqube\data\es5\nodes\0] free: 14gb[11.7%], replicas will not be assigned to this node
2018.05.31 17:31:29 INFO  es[][o.e.c.r.a.DiskThresholdMonitor] low disk watermark [85%] exceeded on [WU1W_k49Ty6K9yMTAqpq0w][sonarqube][D:\Devcon_release\2.4.0\Devon-dist_2.4.0\software\sonarqube\data\es5\nodes\0] free: 14gb[11.7%], replicas will not be assigned to this node
2018.05.31 17:31:59 INFO  es[][o.e.c.r.a.DiskThresholdMonitor] low disk watermark [85%] exceeded on [WU1W_k49Ty6K9yMTAqpq0w][sonarqube][D:\Devcon_release\2.4.0\Devon-dist_2.4.0\software\sonarqube\data\es5\nodes\0] free: 14gb[11.7%], replicas will not be assigned to this node
2018.05.31 17:32:29 INFO  es[][o.e.c.r.a.DiskThresholdMonitor] low disk watermark [85%] exceeded on [WU1W_k49Ty6K9yMTAqpq0w][sonarqube][D:\Devcon_release\2.4.0\Devon-dist_2.4.0\software\sonarqube\data\es5\nodes\0] free: 14gb[11.7%], replicas will not be assigned to this node
2018.05.31 17:33:00 INFO  es[][o.e.c.r.a.DiskThresholdMonitor] low disk watermark [85%] exceeded on [WU1W_k49Ty6K9yMTAqpq0w][sonarqube][D:\Devcon_release\2.4.0\Devon-dist_2.4.0\software\sonarqube\data\es5\nodes\0] free: 14gb[11.7%], replicas will not be assigned to this node
2018.05.31 17:33:30 INFO  es[][o.e.c.r.a.DiskThresholdMonitor] low disk watermark [85%] exceeded on [WU1W_k49Ty6K9yMTAqpq0w][sonarqube][D:\Devcon_release\2.4.0\Devon-dist_2.4.0\software\sonarqube\data\es5\nodes\0] free: 14gb[11.7%], replicas will not be assigned to this node
2018.05.31 17:34:00 INFO  es[][o.e.c.r.a.DiskThresholdMonitor] low disk watermark [85%] exceeded on [WU1W_k49Ty6K9yMTAqpq0w][sonarqube][D:\Devcon_release\2.4.0\Devon-dist_2.4.0\software\sonarqube\data\es5\nodes\0] free: 14gb[11.7%], replicas will not be assigned to this node
2018.05.31 17:34:30 INFO  es[][o.e.c.r.a.DiskThresholdMonitor] low disk watermark [85%] exceeded on [WU1W_k49Ty6K9yMTAqpq0w][sonarqube][D:\Devcon_release\2.4.0\Devon-dist_2.4.0\software\sonarqube\data\es5\nodes\0] free: 14gb[11.7%], replicas will not be assigned to this node
2018.05.31 17:35:01 INFO  es[][o.e.c.r.a.DiskThresholdMonitor] low disk watermark [85%] exceeded on [WU1W_k49Ty6K9yMTAqpq0w][sonarqube][D:\Devcon_release\2.4.0\Devon-dist_2.4.0\software\sonarqube\data\es5\nodes\0] free: 14gb[11.7%], replicas will not be assigned to this node
2018.05.31 17:35:31 INFO  es[][o.e.c.r.a.DiskThresholdMonitor] low disk watermark [85%] exceeded on [WU1W_k49Ty6K9yMTAqpq0w][sonarqube][D:\Devcon_release\2.4.0\Devon-dist_2.4.0\software\sonarqube\data\es5\nodes\0] free: 14gb[11.7%], replicas will not be assigned to this node
2018.05.31 17:36:01 INFO  es[][o.e.c.r.a.DiskThresholdMonitor] low disk watermark [85%] exceeded on [WU1W_k49Ty6K9yMTAqpq0w][sonarqube][D:\Devcon_release\2.4.0\Devon-dist_2.4.0\software\sonarqube\data\es5\nodes\0] free: 14gb[11.7%], replicas will not be assigned to this node
2018.05.31 17:36:32 INFO  es[][o.e.c.r.a.DiskThresholdMonitor] low disk watermark [85%] exceeded on [WU1W_k49Ty6K9yMTAqpq0w][sonarqube][D:\Devcon_release\2.4.0\Devon-dist_2.4.0\software\sonarqube\data\es5\nodes\0] free: 14gb[11.7%], replicas will not be assigned to this node
2018.05.31 17:37:02 INFO  es[][o.e.c.r.a.DiskThresholdMonitor] low disk watermark [85%] exceeded on [WU1W_k49Ty6K9yMTAqpq0w][sonarqube][D:\Devcon_release\2.4.0\Devon-dist_2.4.0\software\sonarqube\data\es5\nodes\0] free: 14gb[11.7%], replicas will not be assigned to this node
2018.05.31 17:37:32 INFO  es[][o.e.c.r.a.DiskThresholdMonitor] low disk watermark [85%] exceeded on [WU1W_k49Ty6K9yMTAqpq0w][sonarqube][D:\Devcon_release\2.4.0\Devon-dist_2.4.0\software\sonarqube\data\es5\nodes\0] free: 14gb[11.7%], replicas will not be assigned to this node
2018.05.31 17:38:02 INFO  es[][o.e.c.r.a.DiskThresholdMonitor] low disk watermark [85%] exceeded on [WU1W_k49Ty6K9yMTAqpq0w][sonarqube][D:\Devcon_release\2.4.0\Devon-dist_2.4.0\software\sonarqube\data\es5\nodes\0] free: 14gb[11.7%], replicas will not be assigned to this node
2018.05.31 17:38:33 INFO  es[][o.e.c.r.a.DiskThresholdMonitor] low disk watermark [85%] exceeded on [WU1W_k49Ty6K9yMTAqpq0w][sonarqube][D:\Devcon_release\2.4.0\Devon-dist_2.4.0\software\sonarqube\data\es5\nodes\0] free: 14gb[11.7%], replicas will not be assigned to this node
2018.05.31 17:39:03 INFO  es[][o.e.c.r.a.DiskThresholdMonitor] low disk watermark [85%] exceeded on [WU1W_k49Ty6K9yMTAqpq0w][sonarqube][D:\Devcon_release\2.4.0\Devon-dist_2.4.0\software\sonarqube\data\es5\nodes\0] free: 14gb[11.7%], replicas will not be assigned to this node
2018.05.31 17:39:33 INFO  es[][o.e.c.r.a.DiskThresholdMonitor] low disk watermark [85%] exceeded on [WU1W_k49Ty6K9yMTAqpq0w][sonarqube][D:\Devcon_release\2.4.0\Devon-dist_2.4.0\software\sonarqube\data\es5\nodes\0] free: 14gb[11.7%], replicas will not be assigned to this node
2018.05.31 17:40:03 INFO  es[][o.e.c.r.a.DiskThresholdMonitor] low disk watermark [85%] exceeded on [WU1W_k49Ty6K9yMTAqpq0w][sonarqube][D:\Devcon_release\2.4.0\Devon-dist_2.4.0\software\sonarqube\data\es5\nodes\0] free: 14gb[11.7%], replicas will not be assigned to this node
2018.05.31 17:40:34 INFO  es[][o.e.c.r.a.DiskThresholdMonitor] low disk watermark [85%] exceeded on [WU1W_k49Ty6K9yMTAqpq0w][sonarqube][D:\Devcon_release\2.4.0\Devon-dist_2.4.0\software\sonarqube\data\es5\nodes\0] free: 14gb[11.7%], replicas will not be assigned to this node
2018.05.31 17:41:04 INFO  es[][o.e.c.r.a.DiskThresholdMonitor] low disk watermark [85%] exceeded on [WU1W_k49Ty6K9yMTAqpq0w][sonarqube][D:\Devcon_release\2.4.0\Devon-dist_2.4.0\software\sonarqube\data\es5\nodes\0] free: 14gb[11.7%], replicas will not be assigned to this node
2018.05.31 17:41:35 INFO  es[][o.e.c.r.a.DiskThresholdMonitor] low disk watermark [85%] exceeded on [WU1W_k49Ty6K9yMTAqpq0w][sonarqube][D:\Devcon_release\2.4.0\Devon-dist_2.4.0\software\sonarqube\data\es5\nodes\0] free: 14gb[11.7%], replicas will not be assigned to this node
2018.05.31 17:42:05 INFO  es[][o.e.c.r.a.DiskThresholdMonitor] low disk watermark [85%] exceeded on [WU1W_k49Ty6K9yMTAqpq0w][sonarqube][D:\Devcon_release\2.4.0\Devon-dist_2.4.0\software\sonarqube\data\es5\nodes\0] free: 14gb[11.7%], replicas will not be assigned to this node
2018.05.31 17:42:35 INFO  es[][o.e.c.r.a.DiskThresholdMonitor] low disk watermark [85%] exceeded on [WU1W_k49Ty6K9yMTAqpq0w][sonarqube][D:\Devcon_release\2.4.0\Devon-dist_2.4.0\software\sonarqube\data\es5\nodes\0] free: 13.9gb[11.6%], replicas will not be assigned to this node
2018.05.31 17:43:05 INFO  es[][o.e.c.r.a.DiskThresholdMonitor] low disk watermark [85%] exceeded on [WU1W_k49Ty6K9yMTAqpq0w][sonarqube][D:\Devcon_release\2.4.0\Devon-dist_2.4.0\software\sonarqube\data\es5\nodes\0] free: 13.9gb[11.6%], replicas will not be assigned to this node
2018.05.31 17:43:36 INFO  es[][o.e.c.r.a.DiskThresholdMonitor] low disk watermark [85%] exceeded on [WU1W_k49Ty6K9yMTAqpq0w][sonarqube][D:\Devcon_release\2.4.0\Devon-dist_2.4.0\software\sonarqube\data\es5\nodes\0] free: 13.7gb[11.5%], replicas will not be assigned to this node
2018.05.31 17:44:06 INFO  es[][o.e.c.r.a.DiskThresholdMonitor] low disk watermark [85%] exceeded on [WU1W_k49Ty6K9yMTAqpq0w][sonarqube][D:\Devcon_release\2.4.0\Devon-dist_2.4.0\software\sonarqube\data\es5\nodes\0] free: 13.7gb[11.5%], replicas will not be assigned to this node
2018.05.31 17:44:36 INFO  es[][o.e.c.r.a.DiskThresholdMonitor] low disk watermark [85%] exceeded on [WU1W_k49Ty6K9yMTAqpq0w][sonarqube][D:\Devcon_release\2.4.0\Devon-dist_2.4.0\software\sonarqube\data\es5\nodes\0] free: 13.7gb[11.5%], replicas will not be assigned to this node
2018.05.31 17:45:06 INFO  es[][o.e.c.r.a.DiskThresholdMonitor] low disk watermark [85%] exceeded on [WU1W_k49Ty6K9yMTAqpq0w][sonarqube][D:\Devcon_release\2.4.0\Devon-dist_2.4.0\software\sonarqube\data\es5\nodes\0] free: 13.7gb[11.5%], replicas will not be assigned to this node
2018.05.31 17:45:37 INFO  es[][o.e.c.r.a.DiskThresholdMonitor] low disk watermark [85%] exceeded on [WU1W_k49Ty6K9yMTAqpq0w][sonarqube][D:\Devcon_release\2.4.0\Devon-dist_2.4.0\software\sonarqube\data\es5\nodes\0] free: 13.7gb[11.5%], replicas will not be assigned to this node
2018.05.31 17:46:07 INFO  es[][o.e.c.r.a.DiskThresholdMonitor] low disk watermark [85%] exceeded on [WU1W_k49Ty6K9yMTAqpq0w][sonarqube][D:\Devcon_release\2.4.0\Devon-dist_2.4.0\software\sonarqube\data\es5\nodes\0] free: 13.7gb[11.5%], replicas will not be assigned to this node
2018.05.31 17:46:37 INFO  es[][o.e.c.r.a.DiskThresholdMonitor] low disk watermark [85%] exceeded on [WU1W_k49Ty6K9yMTAqpq0w][sonarqube][D:\Devcon_release\2.4.0\Devon-dist_2.4.0\software\sonarqube\data\es5\nodes\0] free: 13.7gb[11.5%], replicas will not be assigned to this node
2018.05.31 17:47:07 INFO  es[][o.e.c.r.a.DiskThresholdMonitor] low disk watermark [85%] exceeded on [WU1W_k49Ty6K9yMTAqpq0w][sonarqube][D:\Devcon_release\2.4.0\Devon-dist_2.4.0\software\sonarqube\data\es5\nodes\0] free: 13.7gb[11.5%], replicas will not be assigned to this node
2018.05.31 17:47:38 INFO  es[][o.e.c.r.a.DiskThresholdMonitor] low disk watermark [85%] exceeded on [WU1W_k49Ty6K9yMTAqpq0w][sonarqube][D:\Devcon_release\2.4.0\Devon-dist_2.4.0\software\sonarqube\data\es5\nodes\0] free: 13.7gb[11.5%], replicas will not be assigned to this node
2018.05.31 17:48:08 INFO  es[][o.e.c.r.a.DiskThresholdMonitor] low disk watermark [85%] exceeded on [WU1W_k49Ty6K9yMTAqpq0w][sonarqube][D:\Devcon_release\2.4.0\Devon-dist_2.4.0\software\sonarqube\data\es5\nodes\0] free: 13.7gb[11.5%], replicas will not be assigned to this node
2018.05.31 17:48:38 INFO  es[][o.e.c.r.a.DiskThresholdMonitor] low disk watermark [85%] exceeded on [WU1W_k49Ty6K9yMTAqpq0w][sonarqube][D:\Devcon_release\2.4.0\Devon-dist_2.4.0\software\sonarqube\data\es5\nodes\0] free: 13.7gb[11.5%], replicas will not be assigned to this node
2018.05.31 17:49:08 INFO  es[][o.e.c.r.a.DiskThresholdMonitor] low disk watermark [85%] exceeded on [WU1W_k49Ty6K9yMTAqpq0w][sonarqube][D:\Devcon_release\2.4.0\Devon-dist_2.4.0\software\sonarqube\data\es5\nodes\0] free: 13.7gb[11.5%], replicas will not be assigned to this node
2018.05.31 17:49:39 INFO  es[][o.e.c.r.a.DiskThresholdMonitor] low disk watermark [85%] exceeded on [WU1W_k49Ty6K9yMTAqpq0w][sonarqube][D:\Devcon_release\2.4.0\Devon-dist_2.4.0\software\sonarqube\data\es5\nodes\0] free: 13.7gb[11.5%], replicas will not be assigned to this node
2018.05.31 17:50:09 INFO  es[][o.e.c.r.a.DiskThresholdMonitor] low disk watermark [85%] exceeded on [WU1W_k49Ty6K9yMTAqpq0w][sonarqube][D:\Devcon_release\2.4.0\Devon-dist_2.4.0\software\sonarqube\data\es5\nodes\0] free: 13.7gb[11.5%], replicas will not be assigned to this node
2018.05.31 17:50:39 INFO  es[][o.e.c.r.a.DiskThresholdMonitor] low disk watermark [85%] exceeded on [WU1W_k49Ty6K9yMTAqpq0w][sonarqube][D:\Devcon_release\2.4.0\Devon-dist_2.4.0\software\sonarqube\data\es5\nodes\0] free: 13.7gb[11.5%], replicas will not be assigned to this node
2018.05.31 17:51:09 INFO  es[][o.e.c.r.a.DiskThresholdMonitor] low disk watermark [85%] exceeded on [WU1W_k49Ty6K9yMTAqpq0w][sonarqube][D:\Devcon_release\2.4.0\Devon-dist_2.4.0\software\sonarqube\data\es5\nodes\0] free: 13.7gb[11.5%], replicas will not be assigned to this node
2018.05.31 17:51:40 INFO  es[][o.e.c.r.a.DiskThresholdMonitor] low disk watermark [85%] exceeded on [WU1W_k49Ty6K9yMTAqpq0w][sonarqube][D:\Devcon_release\2.4.0\Devon-dist_2.4.0\software\sonarqube\data\es5\nodes\0] free: 13.7gb[11.5%], replicas will not be assigned to this node
2018.05.31 17:52:11 INFO  es[][o.e.c.r.a.DiskThresholdMonitor] low disk watermark [85%] exceeded on [WU1W_k49Ty6K9yMTAqpq0w][sonarqube][D:\Devcon_release\2.4.0\Devon-dist_2.4.0\software\sonarqube\data\es5\nodes\0] free: 13.7gb[11.5%], replicas will not be assigned to this node
2018.05.31 17:52:41 INFO  es[][o.e.c.r.a.DiskThresholdMonitor] low disk watermark [85%] exceeded on [WU1W_k49Ty6K9yMTAqpq0w][sonarqube][D:\Devcon_release\2.4.0\Devon-dist_2.4.0\software\sonarqube\data\es5\nodes\0] free: 13.7gb[11.5%], replicas will not be assigned to this node
2018.05.31 17:53:11 INFO  es[][o.e.c.r.a.DiskThresholdMonitor] low disk watermark [85%] exceeded on [WU1W_k49Ty6K9yMTAqpq0w][sonarqube][D:\Devcon_release\2.4.0\Devon-dist_2.4.0\software\sonarqube\data\es5\nodes\0] free: 13.7gb[11.5%], replicas will not be assigned to this node
2018.05.31 17:53:41 INFO  es[][o.e.c.r.a.DiskThresholdMonitor] low disk watermark [85%] exceeded on [WU1W_k49Ty6K9yMTAqpq0w][sonarqube][D:\Devcon_release\2.4.0\Devon-dist_2.4.0\software\sonarqube\data\es5\nodes\0] free: 13.7gb[11.5%], replicas will not be assigned to this node
2018.05.31 17:54:12 INFO  es[][o.e.c.r.a.DiskThresholdMonitor] low disk watermark [85%] exceeded on [WU1W_k49Ty6K9yMTAqpq0w][sonarqube][D:\Devcon_release\2.4.0\Devon-dist_2.4.0\software\sonarqube\data\es5\nodes\0] free: 13.7gb[11.5%], replicas will not be assigned to this node
2018.05.31 17:54:42 INFO  es[][o.e.c.r.a.DiskThresholdMonitor] low disk watermark [85%] exceeded on [WU1W_k49Ty6K9yMTAqpq0w][sonarqube][D:\Devcon_release\2.4.0\Devon-dist_2.4.0\software\sonarqube\data\es5\nodes\0] free: 13.7gb[11.5%], replicas will not be assigned to this node
2018.05.31 17:55:12 INFO  es[][o.e.c.r.a.DiskThresholdMonitor] low disk watermark [85%] exceeded on [WU1W_k49Ty6K9yMTAqpq0w][sonarqube][D:\Devcon_release\2.4.0\Devon-dist_2.4.0\software\sonarqube\data\es5\nodes\0] free: 13.7gb[11.5%], replicas will not be assigned to this node
2018.05.31 17:55:43 INFO  es[][o.e.c.r.a.DiskThresholdMonitor] low disk watermark [85%] exceeded on [WU1W_k49Ty6K9yMTAqpq0w][sonarqube][D:\Devcon_release\2.4.0\Devon-dist_2.4.0\software\sonarqube\data\es5\nodes\0] free: 13.7gb[11.5%], replicas will not be assigned to this node
2018.05.31 17:56:13 INFO  es[][o.e.c.r.a.DiskThresholdMonitor] low disk watermark [85%] exceeded on [WU1W_k49Ty6K9yMTAqpq0w][sonarqube][D:\Devcon_release\2.4.0\Devon-dist_2.4.0\software\sonarqube\data\es5\nodes\0] free: 13.7gb[11.5%], replicas will not be assigned to this node
2018.05.31 17:56:43 INFO  es[][o.e.c.r.a.DiskThresholdMonitor] low disk watermark [85%] exceeded on [WU1W_k49Ty6K9yMTAqpq0w][sonarqube][D:\Devcon_release\2.4.0\Devon-dist_2.4.0\software\sonarqube\data\es5\nodes\0] free: 13.7gb[11.5%], replicas will not be assigned to this node
2018.05.31 17:57:14 INFO  es[][o.e.c.r.a.DiskThresholdMonitor] low disk watermark [85%] exceeded on [WU1W_k49Ty6K9yMTAqpq0w][sonarqube][D:\Devcon_release\2.4.0\Devon-dist_2.4.0\software\sonarqube\data\es5\nodes\0] free: 13.7gb[11.5%], replicas will not be assigned to this node
2018.05.31 17:57:44 INFO  es[][o.e.c.r.a.DiskThresholdMonitor] low disk watermark [85%] exceeded on [WU1W_k49Ty6K9yMTAqpq0w][sonarqube][D:\Devcon_release\2.4.0\Devon-dist_2.4.0\software\sonarqube\data\es5\nodes\0] free: 13.7gb[11.5%], replicas will not be assigned to this node
2018.05.31 17:58:15 INFO  es[][o.e.c.r.a.DiskThresholdMonitor] low disk watermark [85%] exceeded on [WU1W_k49Ty6K9yMTAqpq0w][sonarqube][D:\Devcon_release\2.4.0\Devon-dist_2.4.0\software\sonarqube\data\es5\nodes\0] free: 13.7gb[11.5%], replicas will not be assigned to this node
2018.05.31 17:58:45 INFO  es[][o.e.c.r.a.DiskThresholdMonitor] low disk watermark [85%] exceeded on [WU1W_k49Ty6K9yMTAqpq0w][sonarqube][D:\Devcon_release\2.4.0\Devon-dist_2.4.0\software\sonarqube\data\es5\nodes\0] free: 13.7gb[11.5%], replicas will not be assigned to this node
2018.05.31 17:59:16 INFO  es[][o.e.c.r.a.DiskThresholdMonitor] low disk watermark [85%] exceeded on [WU1W_k49Ty6K9yMTAqpq0w][sonarqube][D:\Devcon_release\2.4.0\Devon-dist_2.4.0\software\sonarqube\data\es5\nodes\0] free: 13.7gb[11.5%], replicas will not be assigned to this node
2018.05.31 17:59:46 INFO  es[][o.e.c.r.a.DiskThresholdMonitor] low disk watermark [85%] exceeded on [WU1W_k49Ty6K9yMTAqpq0w][sonarqube][D:\Devcon_release\2.4.0\Devon-dist_2.4.0\software\sonarqube\data\es5\nodes\0] free: 13.7gb[11.4%], replicas will not be assigned to this node
2018.05.31 18:00:16 INFO  es[][o.e.c.r.a.DiskThresholdMonitor] low disk watermark [85%] exceeded on [WU1W_k49Ty6K9yMTAqpq0w][sonarqube][D:\Devcon_release\2.4.0\Devon-dist_2.4.0\software\sonarqube\data\es5\nodes\0] free: 13.7gb[11.4%], replicas will not be assigned to this node
2018.05.31 18:00:46 INFO  es[][o.e.c.r.a.DiskThresholdMonitor] low disk watermark [85%] exceeded on [WU1W_k49Ty6K9yMTAqpq0w][sonarqube][D:\Devcon_release\2.4.0\Devon-dist_2.4.0\software\sonarqube\data\es5\nodes\0] free: 13.7gb[11.4%], replicas will not be assigned to this node
2018.05.31 18:01:17 INFO  es[][o.e.c.r.a.DiskThresholdMonitor] low disk watermark [85%] exceeded on [WU1W_k49Ty6K9yMTAqpq0w][sonarqube][D:\Devcon_release\2.4.0\Devon-dist_2.4.0\software\sonarqube\data\es5\nodes\0] free: 13.6gb[11.4%], replicas will not be assigned to this node
2018.05.31 18:01:47 INFO  es[][o.e.c.r.a.DiskThresholdMonitor] low disk watermark [85%] exceeded on [WU1W_k49Ty6K9yMTAqpq0w][sonarqube][D:\Devcon_release\2.4.0\Devon-dist_2.4.0\software\sonarqube\data\es5\nodes\0] free: 13.6gb[11.4%], replicas will not be assigned to this node
2018.05.31 18:02:18 INFO  es[][o.e.c.r.a.DiskThresholdMonitor] low disk watermark [85%] exceeded on [WU1W_k49Ty6K9yMTAqpq0w][sonarqube][D:\Devcon_release\2.4.0\Devon-dist_2.4.0\software\sonarqube\data\es5\nodes\0] free: 13.6gb[11.4%], replicas will not be assigned to this node
2018.05.31 18:02:48 INFO  es[][o.e.c.r.a.DiskThresholdMonitor] low disk watermark [85%] exceeded on [WU1W_k49Ty6K9yMTAqpq0w][sonarqube][D:\Devcon_release\2.4.0\Devon-dist_2.4.0\software\sonarqube\data\es5\nodes\0] free: 13.6gb[11.4%], replicas will not be assigned to this node
2018.05.31 18:03:19 INFO  es[][o.e.c.r.a.DiskThresholdMonitor] low disk watermark [85%] exceeded on [WU1W_k49Ty6K9yMTAqpq0w][sonarqube][D:\Devcon_release\2.4.0\Devon-dist_2.4.0\software\sonarqube\data\es5\nodes\0] free: 13.6gb[11.4%], replicas will not be assigned to this node
2018.05.31 18:03:49 INFO  es[][o.e.c.r.a.DiskThresholdMonitor] low disk watermark [85%] exceeded on [WU1W_k49Ty6K9yMTAqpq0w][sonarqube][D:\Devcon_release\2.4.0\Devon-dist_2.4.0\software\sonarqube\data\es5\nodes\0] free: 13.6gb[11.4%], replicas will not be assigned to this node
2018.05.31 18:04:19 INFO  es[][o.e.c.r.a.DiskThresholdMonitor] low disk watermark [85%] exceeded on [WU1W_k49Ty6K9yMTAqpq0w][sonarqube][D:\Devcon_release\2.4.0\Devon-dist_2.4.0\software\sonarqube\data\es5\nodes\0] free: 13.6gb[11.4%], replicas will not be assigned to this node
2018.05.31 18:04:50 INFO  es[][o.e.c.r.a.DiskThresholdMonitor] low disk watermark [85%] exceeded on [WU1W_k49Ty6K9yMTAqpq0w][sonarqube][D:\Devcon_release\2.4.0\Devon-dist_2.4.0\software\sonarqube\data\es5\nodes\0] free: 13.6gb[11.4%], replicas will not be assigned to this node
2018.05.31 18:05:20 INFO  es[][o.e.c.r.a.DiskThresholdMonitor] low disk watermark [85%] exceeded on [WU1W_k49Ty6K9yMTAqpq0w][sonarqube][D:\Devcon_release\2.4.0\Devon-dist_2.4.0\software\sonarqube\data\es5\nodes\0] free: 13.6gb[11.4%], replicas will not be assigned to this node
